{"/home/user/pg-crud-api/src/config.ts": {"path":"/home/user/pg-crud-api/src/config.ts","statementMap":{"0":{"start":{"line":2,"column":0},"end":{"line":2,"column":null}},"1":{"start":{"line":24,"column":2},"end":{"line":24,"column":null}},"2":{"start":{"line":24,"column":37},"end":{"line":24,"column":null}},"3":{"start":{"line":25,"column":2},"end":{"line":25,"column":null}},"4":{"start":{"line":25,"column":37},"end":{"line":25,"column":45}},"5":{"start":{"line":29,"column":2},"end":{"line":29,"column":null}},"6":{"start":{"line":29,"column":14},"end":{"line":29,"column":null}},"7":{"start":{"line":30,"column":17},"end":{"line":30,"column":null}},"8":{"start":{"line":31,"column":2},"end":{"line":31,"column":null}},"9":{"start":{"line":35,"column":2},"end":{"line":35,"column":null}},"10":{"start":{"line":35,"column":14},"end":{"line":35,"column":null}},"11":{"start":{"line":36,"column":2},"end":{"line":36,"column":null}},"12":{"start":{"line":36,"column":24},"end":{"line":36,"column":null}},"13":{"start":{"line":37,"column":2},"end":{"line":37,"column":null}},"14":{"start":{"line":37,"column":25},"end":{"line":37,"column":null}},"15":{"start":{"line":38,"column":2},"end":{"line":38,"column":null}},"16":{"start":{"line":42,"column":2},"end":{"line":42,"column":null}},"17":{"start":{"line":42,"column":37},"end":{"line":42,"column":null}},"18":{"start":{"line":43,"column":2},"end":{"line":43,"column":null}},"19":{"start":{"line":46,"column":33},"end":{"line":63,"column":null}},"20":{"start":{"line":67,"column":30},"end":{"line":71,"column":null}}},"fnMap":{"0":{"name":"parseList","decl":{"start":{"line":23,"column":16},"end":{"line":23,"column":26}},"loc":{"start":{"line":23,"column":63},"end":{"line":26,"column":null}},"line":23},"1":{"name":"(anonymous_1)","decl":{"start":{"line":25,"column":30},"end":{"line":25,"column":31}},"loc":{"start":{"line":25,"column":37},"end":{"line":25,"column":45}},"line":25},"2":{"name":"parseIntOrDefault","decl":{"start":{"line":28,"column":16},"end":{"line":28,"column":34}},"loc":{"start":{"line":28,"column":87},"end":{"line":32,"column":null}},"line":28},"3":{"name":"parseCorsOrigins","decl":{"start":{"line":34,"column":16},"end":{"line":34,"column":33}},"loc":{"start":{"line":34,"column":78},"end":{"line":39,"column":null}},"line":34},"4":{"name":"parseDatabaseUrl","decl":{"start":{"line":41,"column":16},"end":{"line":41,"column":33}},"loc":{"start":{"line":41,"column":75},"end":{"line":44,"column":null}},"line":41}},"branchMap":{"0":{"loc":{"start":{"line":24,"column":2},"end":{"line":24,"column":null}},"type":"if","locations":[{"start":{"line":24,"column":2},"end":{"line":24,"column":null}},{"start":{},"end":{}}],"line":24},"1":{"loc":{"start":{"line":24,"column":6},"end":{"line":24,"column":37}},"type":"binary-expr","locations":[{"start":{"line":24,"column":6},"end":{"line":24,"column":16}},{"start":{"line":24,"column":16},"end":{"line":24,"column":37}}],"line":24},"2":{"loc":{"start":{"line":29,"column":2},"end":{"line":29,"column":null}},"type":"if","locations":[{"start":{"line":29,"column":2},"end":{"line":29,"column":null}},{"start":{},"end":{}}],"line":29},"3":{"loc":{"start":{"line":31,"column":9},"end":{"line":31,"column":null}},"type":"cond-expr","locations":[{"start":{"line":31,"column":32},"end":{"line":31,"column":43}},{"start":{"line":31,"column":43},"end":{"line":31,"column":null}}],"line":31},"4":{"loc":{"start":{"line":35,"column":2},"end":{"line":35,"column":null}},"type":"if","locations":[{"start":{"line":35,"column":2},"end":{"line":35,"column":null}},{"start":{},"end":{}}],"line":35},"5":{"loc":{"start":{"line":36,"column":2},"end":{"line":36,"column":null}},"type":"if","locations":[{"start":{"line":36,"column":2},"end":{"line":36,"column":null}},{"start":{},"end":{}}],"line":36},"6":{"loc":{"start":{"line":37,"column":2},"end":{"line":37,"column":null}},"type":"if","locations":[{"start":{"line":37,"column":2},"end":{"line":37,"column":null}},{"start":{},"end":{}}],"line":37},"7":{"loc":{"start":{"line":42,"column":2},"end":{"line":42,"column":null}},"type":"if","locations":[{"start":{"line":42,"column":2},"end":{"line":42,"column":null}},{"start":{},"end":{}}],"line":42},"8":{"loc":{"start":{"line":42,"column":6},"end":{"line":42,"column":37}},"type":"binary-expr","locations":[{"start":{"line":42,"column":6},"end":{"line":42,"column":16}},{"start":{"line":42,"column":16},"end":{"line":42,"column":37}}],"line":42},"9":{"loc":{"start":{"line":47,"column":16},"end":{"line":47,"column":80}},"type":"binary-expr","locations":[{"start":{"line":47,"column":16},"end":{"line":47,"column":44}},{"start":{"line":47,"column":44},"end":{"line":47,"column":80}}],"line":47},"10":{"loc":{"start":{"line":50,"column":8},"end":{"line":50,"column":null}},"type":"binary-expr","locations":[{"start":{"line":50,"column":8},"end":{"line":50,"column":28}},{"start":{"line":50,"column":28},"end":{"line":50,"column":null}}],"line":50},"11":{"loc":{"start":{"line":59,"column":13},"end":{"line":59,"column":null}},"type":"binary-expr","locations":[{"start":{"line":59,"column":13},"end":{"line":59,"column":39}},{"start":{"line":59,"column":39},"end":{"line":59,"column":null}}],"line":59}},"s":{"0":15,"1":52,"2":47,"3":5,"4":12,"5":82,"6":76,"7":6,"8":6,"9":21,"10":16,"11":5,"12":1,"13":4,"14":1,"15":3,"16":20,"17":16,"18":4,"19":15,"20":15},"f":{"0":52,"1":12,"2":82,"3":21,"4":20},"b":{"0":[47,5],"1":[52,6],"2":[76,6],"3":[1,5],"4":[16,5],"5":[1,4],"6":[1,3],"7":[16,4],"8":[20,5],"9":[15,13],"10":[15,14],"11":[15,14]},"meta":{"lastBranch":12,"lastFunction":5,"lastStatement":21,"seen":{"s:2:0:2:Infinity":0,"f:23:16:23:26":0,"b:24:2:24:Infinity:undefined:undefined:undefined:undefined":0,"s:24:2:24:Infinity":1,"b:24:6:24:16:24:16:24:37":1,"s:24:37:24:Infinity":2,"s:25:2:25:Infinity":3,"f:25:30:25:31":1,"s:25:37:25:45":4,"f:28:16:28:34":2,"b:29:2:29:Infinity:undefined:undefined:undefined:undefined":2,"s:29:2:29:Infinity":5,"s:29:14:29:Infinity":6,"s:30:17:30:Infinity":7,"s:31:2:31:Infinity":8,"b:31:32:31:43:31:43:31:Infinity":3,"f:34:16:34:33":3,"b:35:2:35:Infinity:undefined:undefined:undefined:undefined":4,"s:35:2:35:Infinity":9,"s:35:14:35:Infinity":10,"b:36:2:36:Infinity:undefined:undefined:undefined:undefined":5,"s:36:2:36:Infinity":11,"s:36:24:36:Infinity":12,"b:37:2:37:Infinity:undefined:undefined:undefined:undefined":6,"s:37:2:37:Infinity":13,"s:37:25:37:Infinity":14,"s:38:2:38:Infinity":15,"f:41:16:41:33":4,"b:42:2:42:Infinity:undefined:undefined:undefined:undefined":7,"s:42:2:42:Infinity":16,"b:42:6:42:16:42:16:42:37":8,"s:42:37:42:Infinity":17,"s:43:2:43:Infinity":18,"s:46:33:63:Infinity":19,"b:47:16:47:44:47:44:47:80":9,"b:50:8:50:28:50:28:50:Infinity":10,"b:59:13:59:39:59:39:59:Infinity":11,"s:67:30:71:Infinity":20}}}
,"/home/user/pg-crud-api/src/auth/api-key.ts": {"path":"/home/user/pg-crud-api/src/auth/api-key.ts","statementMap":{"0":{"start":{"line":18,"column":19},"end":{"line":18,"column":null}},"1":{"start":{"line":19,"column":22},"end":{"line":19,"column":null}},"2":{"start":{"line":20,"column":26},"end":{"line":20,"column":null}},"3":{"start":{"line":22,"column":21},"end":{"line":22,"column":null}},"4":{"start":{"line":26,"column":15},"end":{"line":26,"column":null}},"5":{"start":{"line":27,"column":2},"end":{"line":27,"column":null}},"6":{"start":{"line":27,"column":34},"end":{"line":27,"column":72}},"7":{"start":{"line":33,"column":2},"end":{"line":33,"column":null}},"8":{"start":{"line":37,"column":2},"end":{"line":37,"column":null}},"9":{"start":{"line":43,"column":18},"end":{"line":43,"column":null}},"10":{"start":{"line":44,"column":2},"end":{"line":46,"column":null}},"11":{"start":{"line":45,"column":4},"end":{"line":45,"column":null}},"12":{"start":{"line":47,"column":2},"end":{"line":54,"column":null}},"13":{"start":{"line":48,"column":4},"end":{"line":50,"column":null}},"14":{"start":{"line":49,"column":6},"end":{"line":49,"column":null}},"15":{"start":{"line":51,"column":4},"end":{"line":53,"column":null}},"16":{"start":{"line":52,"column":6},"end":{"line":52,"column":null}},"17":{"start":{"line":68,"column":2},"end":{"line":70,"column":null}},"18":{"start":{"line":69,"column":4},"end":{"line":69,"column":null}},"19":{"start":{"line":73,"column":2},"end":{"line":79,"column":null}},"20":{"start":{"line":74,"column":4},"end":{"line":74,"column":null}},"21":{"start":{"line":75,"column":20},"end":{"line":75,"column":null}},"22":{"start":{"line":76,"column":4},"end":{"line":76,"column":null}},"23":{"start":{"line":78,"column":4},"end":{"line":78,"column":null}},"24":{"start":{"line":81,"column":8},"end":{"line":81,"column":null}},"25":{"start":{"line":82,"column":2},"end":{"line":82,"column":null}},"26":{"start":{"line":104,"column":21},"end":{"line":104,"column":null}},"27":{"start":{"line":106,"column":2},"end":{"line":109,"column":null}},"28":{"start":{"line":108,"column":4},"end":{"line":108,"column":null}},"29":{"start":{"line":112,"column":16},"end":{"line":112,"column":null}},"30":{"start":{"line":113,"column":2},"end":{"line":113,"column":null}},"31":{"start":{"line":113,"column":34},"end":{"line":113,"column":null}},"32":{"start":{"line":115,"column":22},"end":{"line":115,"column":null}},"33":{"start":{"line":116,"column":2},"end":{"line":116,"column":null}},"34":{"start":{"line":116,"column":32},"end":{"line":116,"column":null}},"35":{"start":{"line":118,"column":2},"end":{"line":129,"column":null}},"36":{"start":{"line":119,"column":19},"end":{"line":119,"column":null}},"37":{"start":{"line":120,"column":4},"end":{"line":122,"column":null}},"38":{"start":{"line":121,"column":6},"end":{"line":121,"column":null}},"39":{"start":{"line":123,"column":4},"end":{"line":125,"column":null}},"40":{"start":{"line":124,"column":6},"end":{"line":124,"column":null}},"41":{"start":{"line":124,"column":49},"end":{"line":124,"column":null}},"42":{"start":{"line":126,"column":4},"end":{"line":126,"column":null}},"43":{"start":{"line":128,"column":4},"end":{"line":128,"column":null}},"44":{"start":{"line":133,"column":8},"end":{"line":133,"column":null}},"45":{"start":{"line":134,"column":25},"end":{"line":134,"column":null}},"46":{"start":{"line":135,"column":25},"end":{"line":135,"column":null}},"47":{"start":{"line":137,"column":2},"end":{"line":137,"column":null}},"48":{"start":{"line":137,"column":55},"end":{"line":137,"column":null}},"49":{"start":{"line":138,"column":2},"end":{"line":138,"column":null}},"50":{"start":{"line":142,"column":2},"end":{"line":144,"column":null}},"51":{"start":{"line":143,"column":4},"end":{"line":143,"column":null}},"52":{"start":{"line":146,"column":24},"end":{"line":146,"column":null}},"53":{"start":{"line":147,"column":19},"end":{"line":147,"column":null}},"54":{"start":{"line":148,"column":2},"end":{"line":150,"column":null}},"55":{"start":{"line":149,"column":4},"end":{"line":149,"column":null}},"56":{"start":{"line":152,"column":15},"end":{"line":152,"column":null}},"57":{"start":{"line":153,"column":23},"end":{"line":153,"column":null}},"58":{"start":{"line":155,"column":2},"end":{"line":157,"column":null}},"59":{"start":{"line":156,"column":4},"end":{"line":156,"column":null}},"60":{"start":{"line":159,"column":17},"end":{"line":159,"column":null}},"61":{"start":{"line":160,"column":2},"end":{"line":162,"column":null}},"62":{"start":{"line":161,"column":4},"end":{"line":161,"column":null}},"63":{"start":{"line":164,"column":2},"end":{"line":166,"column":null}},"64":{"start":{"line":165,"column":4},"end":{"line":165,"column":null}},"65":{"start":{"line":168,"column":2},"end":{"line":168,"column":null}},"66":{"start":{"line":183,"column":2},"end":{"line":183,"column":null}},"67":{"start":{"line":183,"column":57},"end":{"line":183,"column":null}},"68":{"start":{"line":184,"column":15},"end":{"line":184,"column":null}},"69":{"start":{"line":185,"column":2},"end":{"line":185,"column":null}},"70":{"start":{"line":185,"column":13},"end":{"line":185,"column":null}},"71":{"start":{"line":186,"column":2},"end":{"line":186,"column":null}},"72":{"start":{"line":196,"column":2},"end":{"line":196,"column":null}},"73":{"start":{"line":196,"column":57},"end":{"line":196,"column":null}},"74":{"start":{"line":197,"column":15},"end":{"line":197,"column":null}},"75":{"start":{"line":198,"column":2},"end":{"line":198,"column":null}},"76":{"start":{"line":207,"column":36},"end":{"line":207,"column":null}},"77":{"start":{"line":208,"column":16},"end":{"line":208,"column":null}},"78":{"start":{"line":208,"column":44},"end":{"line":208,"column":52}},"79":{"start":{"line":209,"column":2},"end":{"line":220,"column":null}},"80":{"start":{"line":210,"column":21},"end":{"line":210,"column":null}},"81":{"start":{"line":211,"column":4},"end":{"line":213,"column":null}},"82":{"start":{"line":212,"column":6},"end":{"line":212,"column":null}},"83":{"start":{"line":214,"column":19},"end":{"line":214,"column":null}},"84":{"start":{"line":215,"column":17},"end":{"line":215,"column":null}},"85":{"start":{"line":216,"column":4},"end":{"line":218,"column":null}},"86":{"start":{"line":217,"column":6},"end":{"line":217,"column":null}},"87":{"start":{"line":219,"column":4},"end":{"line":219,"column":null}},"88":{"start":{"line":221,"column":2},"end":{"line":223,"column":null}},"89":{"start":{"line":222,"column":4},"end":{"line":222,"column":null}},"90":{"start":{"line":224,"column":2},"end":{"line":224,"column":null}},"91":{"start":{"line":230,"column":21},"end":{"line":230,"column":null}},"92":{"start":{"line":231,"column":2},"end":{"line":233,"column":null}},"93":{"start":{"line":232,"column":4},"end":{"line":232,"column":null}},"94":{"start":{"line":235,"column":23},"end":{"line":235,"column":null}},"95":{"start":{"line":236,"column":2},"end":{"line":238,"column":null}},"96":{"start":{"line":237,"column":4},"end":{"line":237,"column":null}},"97":{"start":{"line":240,"column":2},"end":{"line":240,"column":null}},"98":{"start":{"line":244,"column":2},"end":{"line":269,"column":null}},"99":{"start":{"line":245,"column":4},"end":{"line":247,"column":null}},"100":{"start":{"line":246,"column":6},"end":{"line":246,"column":null}},"101":{"start":{"line":249,"column":16},"end":{"line":249,"column":null}},"102":{"start":{"line":250,"column":4},"end":{"line":256,"column":null}},"103":{"start":{"line":251,"column":6},"end":{"line":254,"column":null}},"104":{"start":{"line":255,"column":6},"end":{"line":255,"column":null}},"105":{"start":{"line":258,"column":19},"end":{"line":258,"column":null}},"106":{"start":{"line":259,"column":4},"end":{"line":265,"column":null}},"107":{"start":{"line":260,"column":6},"end":{"line":263,"column":null}},"108":{"start":{"line":264,"column":6},"end":{"line":264,"column":null}},"109":{"start":{"line":267,"column":4},"end":{"line":267,"column":null}},"110":{"start":{"line":268,"column":4},"end":{"line":268,"column":null}}},"fnMap":{"0":{"name":"isPublicPath","decl":{"start":{"line":24,"column":9},"end":{"line":24,"column":22}},"loc":{"start":{"line":24,"column":44},"end":{"line":28,"column":null}},"line":24},"1":{"name":"(anonymous_1)","decl":{"start":{"line":27,"column":27},"end":{"line":27,"column":28}},"loc":{"start":{"line":27,"column":34},"end":{"line":27,"column":72}},"line":27},"2":{"name":"toBase64url","decl":{"start":{"line":32,"column":9},"end":{"line":32,"column":21}},"loc":{"start":{"line":32,"column":42},"end":{"line":34,"column":null}},"line":32},"3":{"name":"fromBase64url","decl":{"start":{"line":36,"column":9},"end":{"line":36,"column":23}},"loc":{"start":{"line":36,"column":44},"end":{"line":38,"column":null}},"line":36},"4":{"name":"validatePermissions","decl":{"start":{"line":42,"column":16},"end":{"line":42,"column":36}},"loc":{"start":{"line":42,"column":74},"end":{"line":55,"column":null}},"line":42},"5":{"name":"generateApiKey","decl":{"start":{"line":67,"column":16},"end":{"line":67,"column":31}},"loc":{"start":{"line":67,"column":103},"end":{"line":83,"column":null}},"line":67},"6":{"name":"parseKeyData","decl":{"start":{"line":103,"column":9},"end":{"line":103,"column":22}},"loc":{"start":{"line":103,"column":58},"end":{"line":130,"column":null}},"line":103},"7":{"name":"verifyHmac","decl":{"start":{"line":132,"column":9},"end":{"line":132,"column":20}},"loc":{"start":{"line":132,"column":81},"end":{"line":139,"column":null}},"line":132},"8":{"name":"verifyApiKey","decl":{"start":{"line":141,"column":16},"end":{"line":141,"column":29}},"loc":{"start":{"line":141,"column":72},"end":{"line":169,"column":null}},"line":141},"9":{"name":"hasPermission","decl":{"start":{"line":178,"column":16},"end":{"line":178,"column":null}},"loc":{"start":{"line":182,"column":11},"end":{"line":187,"column":null}},"line":182},"10":{"name":"hasAnyPermission","decl":{"start":{"line":192,"column":16},"end":{"line":192,"column":null}},"loc":{"start":{"line":195,"column":11},"end":{"line":199,"column":null}},"line":195},"11":{"name":"parsePermissionsString","decl":{"start":{"line":206,"column":16},"end":{"line":206,"column":39}},"loc":{"start":{"line":206,"column":73},"end":{"line":225,"column":null}},"line":206},"12":{"name":"(anonymous_12)","decl":{"start":{"line":208,"column":37},"end":{"line":208,"column":38}},"loc":{"start":{"line":208,"column":44},"end":{"line":208,"column":52}},"line":208},"13":{"name":"extractApiKey","decl":{"start":{"line":229,"column":16},"end":{"line":229,"column":30}},"loc":{"start":{"line":229,"column":70},"end":{"line":241,"column":null}},"line":229},"14":{"name":"registerAuthHook","decl":{"start":{"line":243,"column":16},"end":{"line":243,"column":33}},"loc":{"start":{"line":243,"column":77},"end":{"line":270,"column":null}},"line":243},"15":{"name":"(anonymous_15)","decl":{"start":{"line":244,"column":27},"end":{"line":244,"column":34}},"loc":{"start":{"line":244,"column":83},"end":{"line":269,"column":3}},"line":244}},"branchMap":{"0":{"loc":{"start":{"line":27,"column":34},"end":{"line":27,"column":72}},"type":"binary-expr","locations":[{"start":{"line":27,"column":34},"end":{"line":27,"column":48}},{"start":{"line":27,"column":48},"end":{"line":27,"column":72}}],"line":27},"1":{"loc":{"start":{"line":44,"column":2},"end":{"line":46,"column":null}},"type":"if","locations":[{"start":{"line":44,"column":2},"end":{"line":46,"column":null}},{"start":{},"end":{}}],"line":44},"2":{"loc":{"start":{"line":48,"column":4},"end":{"line":50,"column":null}},"type":"if","locations":[{"start":{"line":48,"column":4},"end":{"line":50,"column":null}},{"start":{},"end":{}}],"line":48},"3":{"loc":{"start":{"line":48,"column":8},"end":{"line":48,"column":41}},"type":"binary-expr","locations":[{"start":{"line":48,"column":8},"end":{"line":48,"column":19}},{"start":{"line":48,"column":19},"end":{"line":48,"column":41}}],"line":48},"4":{"loc":{"start":{"line":51,"column":4},"end":{"line":53,"column":null}},"type":"if","locations":[{"start":{"line":51,"column":4},"end":{"line":53,"column":null}},{"start":{},"end":{}}],"line":51},"5":{"loc":{"start":{"line":68,"column":2},"end":{"line":70,"column":null}},"type":"if","locations":[{"start":{"line":68,"column":2},"end":{"line":70,"column":null}},{"start":{},"end":{}}],"line":68},"6":{"loc":{"start":{"line":73,"column":2},"end":{"line":79,"column":null}},"type":"if","locations":[{"start":{"line":73,"column":2},"end":{"line":79,"column":null}},{"start":{"line":77,"column":9},"end":{"line":79,"column":null}}],"line":73},"7":{"loc":{"start":{"line":106,"column":2},"end":{"line":109,"column":null}},"type":"if","locations":[{"start":{"line":106,"column":2},"end":{"line":109,"column":null}},{"start":{},"end":{}}],"line":106},"8":{"loc":{"start":{"line":108,"column":11},"end":{"line":108,"column":null}},"type":"cond-expr","locations":[{"start":{"line":108,"column":38},"end":{"line":108,"column":75}},{"start":{"line":108,"column":75},"end":{"line":108,"column":null}}],"line":108},"9":{"loc":{"start":{"line":113,"column":2},"end":{"line":113,"column":null}},"type":"if","locations":[{"start":{"line":113,"column":2},"end":{"line":113,"column":null}},{"start":{},"end":{}}],"line":113},"10":{"loc":{"start":{"line":116,"column":2},"end":{"line":116,"column":null}},"type":"if","locations":[{"start":{"line":116,"column":2},"end":{"line":116,"column":null}},{"start":{},"end":{}}],"line":116},"11":{"loc":{"start":{"line":120,"column":4},"end":{"line":122,"column":null}},"type":"if","locations":[{"start":{"line":120,"column":4},"end":{"line":122,"column":null}},{"start":{},"end":{}}],"line":120},"12":{"loc":{"start":{"line":120,"column":8},"end":{"line":120,"column":80}},"type":"binary-expr","locations":[{"start":{"line":120,"column":8},"end":{"line":120,"column":38}},{"start":{"line":120,"column":38},"end":{"line":120,"column":57}},{"start":{"line":120,"column":57},"end":{"line":120,"column":80}}],"line":120},"13":{"loc":{"start":{"line":124,"column":6},"end":{"line":124,"column":null}},"type":"if","locations":[{"start":{"line":124,"column":6},"end":{"line":124,"column":null}},{"start":{},"end":{}}],"line":124},"14":{"loc":{"start":{"line":137,"column":2},"end":{"line":137,"column":null}},"type":"if","locations":[{"start":{"line":137,"column":2},"end":{"line":137,"column":null}},{"start":{},"end":{}}],"line":137},"15":{"loc":{"start":{"line":142,"column":2},"end":{"line":144,"column":null}},"type":"if","locations":[{"start":{"line":142,"column":2},"end":{"line":144,"column":null}},{"start":{},"end":{}}],"line":142},"16":{"loc":{"start":{"line":148,"column":2},"end":{"line":150,"column":null}},"type":"if","locations":[{"start":{"line":148,"column":2},"end":{"line":150,"column":null}},{"start":{},"end":{}}],"line":148},"17":{"loc":{"start":{"line":155,"column":2},"end":{"line":157,"column":null}},"type":"if","locations":[{"start":{"line":155,"column":2},"end":{"line":157,"column":null}},{"start":{},"end":{}}],"line":155},"18":{"loc":{"start":{"line":160,"column":2},"end":{"line":162,"column":null}},"type":"if","locations":[{"start":{"line":160,"column":2},"end":{"line":162,"column":null}},{"start":{},"end":{}}],"line":160},"19":{"loc":{"start":{"line":164,"column":2},"end":{"line":166,"column":null}},"type":"if","locations":[{"start":{"line":164,"column":2},"end":{"line":166,"column":null}},{"start":{},"end":{}}],"line":164},"20":{"loc":{"start":{"line":183,"column":2},"end":{"line":183,"column":null}},"type":"if","locations":[{"start":{"line":183,"column":2},"end":{"line":183,"column":null}},{"start":{},"end":{}}],"line":183},"21":{"loc":{"start":{"line":183,"column":6},"end":{"line":183,"column":57}},"type":"binary-expr","locations":[{"start":{"line":183,"column":6},"end":{"line":183,"column":30}},{"start":{"line":183,"column":30},"end":{"line":183,"column":57}}],"line":183},"22":{"loc":{"start":{"line":184,"column":15},"end":{"line":184,"column":null}},"type":"binary-expr","locations":[{"start":{"line":184,"column":15},"end":{"line":184,"column":38}},{"start":{"line":184,"column":38},"end":{"line":184,"column":null}}],"line":184},"23":{"loc":{"start":{"line":185,"column":2},"end":{"line":185,"column":null}},"type":"if","locations":[{"start":{"line":185,"column":2},"end":{"line":185,"column":null}},{"start":{},"end":{}}],"line":185},"24":{"loc":{"start":{"line":186,"column":9},"end":{"line":186,"column":null}},"type":"binary-expr","locations":[{"start":{"line":186,"column":9},"end":{"line":186,"column":26}},{"start":{"line":186,"column":26},"end":{"line":186,"column":null}}],"line":186},"25":{"loc":{"start":{"line":196,"column":2},"end":{"line":196,"column":null}},"type":"if","locations":[{"start":{"line":196,"column":2},"end":{"line":196,"column":null}},{"start":{},"end":{}}],"line":196},"26":{"loc":{"start":{"line":196,"column":6},"end":{"line":196,"column":57}},"type":"binary-expr","locations":[{"start":{"line":196,"column":6},"end":{"line":196,"column":30}},{"start":{"line":196,"column":30},"end":{"line":196,"column":57}}],"line":196},"27":{"loc":{"start":{"line":197,"column":15},"end":{"line":197,"column":null}},"type":"binary-expr","locations":[{"start":{"line":197,"column":15},"end":{"line":197,"column":38}},{"start":{"line":197,"column":38},"end":{"line":197,"column":null}}],"line":197},"28":{"loc":{"start":{"line":211,"column":4},"end":{"line":213,"column":null}},"type":"if","locations":[{"start":{"line":211,"column":4},"end":{"line":213,"column":null}},{"start":{},"end":{}}],"line":211},"29":{"loc":{"start":{"line":216,"column":4},"end":{"line":218,"column":null}},"type":"if","locations":[{"start":{"line":216,"column":4},"end":{"line":218,"column":null}},{"start":{},"end":{}}],"line":216},"30":{"loc":{"start":{"line":221,"column":2},"end":{"line":223,"column":null}},"type":"if","locations":[{"start":{"line":221,"column":2},"end":{"line":223,"column":null}},{"start":{},"end":{}}],"line":221},"31":{"loc":{"start":{"line":231,"column":2},"end":{"line":233,"column":null}},"type":"if","locations":[{"start":{"line":231,"column":2},"end":{"line":233,"column":null}},{"start":{},"end":{}}],"line":231},"32":{"loc":{"start":{"line":236,"column":2},"end":{"line":238,"column":null}},"type":"if","locations":[{"start":{"line":236,"column":2},"end":{"line":238,"column":null}},{"start":{},"end":{}}],"line":236},"33":{"loc":{"start":{"line":236,"column":6},"end":{"line":236,"column":67}},"type":"binary-expr","locations":[{"start":{"line":236,"column":6},"end":{"line":236,"column":42}},{"start":{"line":236,"column":42},"end":{"line":236,"column":67}}],"line":236},"34":{"loc":{"start":{"line":245,"column":4},"end":{"line":247,"column":null}},"type":"if","locations":[{"start":{"line":245,"column":4},"end":{"line":247,"column":null}},{"start":{},"end":{}}],"line":245},"35":{"loc":{"start":{"line":250,"column":4},"end":{"line":256,"column":null}},"type":"if","locations":[{"start":{"line":250,"column":4},"end":{"line":256,"column":null}},{"start":{},"end":{}}],"line":250},"36":{"loc":{"start":{"line":259,"column":4},"end":{"line":265,"column":null}},"type":"if","locations":[{"start":{"line":259,"column":4},"end":{"line":265,"column":null}},{"start":{},"end":{}}],"line":259}},"s":{"0":9,"1":9,"2":9,"3":9,"4":27,"5":27,"6":50,"7":26,"8":24,"9":34,"10":34,"11":2,"12":32,"13":36,"14":3,"15":33,"16":2,"17":56,"18":4,"19":52,"20":29,"21":29,"22":29,"23":23,"24":49,"25":49,"26":44,"27":44,"28":18,"29":26,"30":26,"31":1,"32":25,"33":25,"34":1,"35":24,"36":24,"37":24,"38":1,"39":22,"40":24,"41":1,"42":21,"43":1,"44":38,"45":38,"46":38,"47":38,"48":3,"49":35,"50":49,"51":2,"52":47,"53":47,"54":47,"55":2,"56":45,"57":45,"58":45,"59":1,"60":44,"61":44,"62":6,"63":38,"64":11,"65":27,"66":103,"67":75,"68":28,"69":103,"70":2,"71":26,"72":415,"73":321,"74":94,"75":415,"76":8,"77":8,"78":10,"79":8,"80":9,"81":9,"82":1,"83":8,"84":8,"85":8,"86":1,"87":7,"88":6,"89":1,"90":5,"91":25,"92":25,"93":21,"94":4,"95":4,"96":1,"97":3,"98":3,"99":27,"100":6,"101":21,"102":21,"103":2,"104":2,"105":19,"106":19,"107":1,"108":1,"109":18,"110":18},"f":{"0":27,"1":50,"2":26,"3":24,"4":34,"5":56,"6":44,"7":38,"8":49,"9":103,"10":415,"11":8,"12":10,"13":25,"14":3,"15":27},"b":{"0":[50,45],"1":[2,32],"2":[3,33],"3":[36,34],"4":[2,31],"5":[4,52],"6":[29,23],"7":[18,26],"8":[17,1],"9":[1,25],"10":[1,24],"11":[1,23],"12":[24,23,23],"13":[1,23],"14":[3,35],"15":[2,47],"16":[2,45],"17":[1,44],"18":[6,38],"19":[11,27],"20":[75,28],"21":[103,69],"22":[28,6],"23":[2,101],"24":[26,22],"25":[321,94],"26":[415,114],"27":[94,54],"28":[1,8],"29":[1,7],"30":[1,5],"31":[21,4],"32":[1,3],"33":[4,1],"34":[6,21],"35":[2,19],"36":[1,18]},"meta":{"lastBranch":37,"lastFunction":16,"lastStatement":111,"seen":{"s:18:19:18:Infinity":0,"s:19:22:19:Infinity":1,"s:20:26:20:Infinity":2,"s:22:21:22:Infinity":3,"f:24:9:24:22":0,"s:26:15:26:Infinity":4,"s:27:2:27:Infinity":5,"f:27:27:27:28":1,"s:27:34:27:72":6,"b:27:34:27:48:27:48:27:72":0,"f:32:9:32:21":2,"s:33:2:33:Infinity":7,"f:36:9:36:23":3,"s:37:2:37:Infinity":8,"f:42:16:42:36":4,"s:43:18:43:Infinity":9,"b:44:2:46:Infinity:undefined:undefined:undefined:undefined":1,"s:44:2:46:Infinity":10,"s:45:4:45:Infinity":11,"s:47:2:54:Infinity":12,"b:48:4:50:Infinity:undefined:undefined:undefined:undefined":2,"s:48:4:50:Infinity":13,"b:48:8:48:19:48:19:48:41":3,"s:49:6:49:Infinity":14,"b:51:4:53:Infinity:undefined:undefined:undefined:undefined":4,"s:51:4:53:Infinity":15,"s:52:6:52:Infinity":16,"f:67:16:67:31":5,"b:68:2:70:Infinity:undefined:undefined:undefined:undefined":5,"s:68:2:70:Infinity":17,"s:69:4:69:Infinity":18,"b:73:2:79:Infinity:77:9:79:Infinity":6,"s:73:2:79:Infinity":19,"s:74:4:74:Infinity":20,"s:75:20:75:Infinity":21,"s:76:4:76:Infinity":22,"s:78:4:78:Infinity":23,"s:81:8:81:Infinity":24,"s:82:2:82:Infinity":25,"f:103:9:103:22":6,"s:104:21:104:Infinity":26,"b:106:2:109:Infinity:undefined:undefined:undefined:undefined":7,"s:106:2:109:Infinity":27,"s:108:4:108:Infinity":28,"b:108:38:108:75:108:75:108:Infinity":8,"s:112:16:112:Infinity":29,"b:113:2:113:Infinity:undefined:undefined:undefined:undefined":9,"s:113:2:113:Infinity":30,"s:113:34:113:Infinity":31,"s:115:22:115:Infinity":32,"b:116:2:116:Infinity:undefined:undefined:undefined:undefined":10,"s:116:2:116:Infinity":33,"s:116:32:116:Infinity":34,"s:118:2:129:Infinity":35,"s:119:19:119:Infinity":36,"b:120:4:122:Infinity:undefined:undefined:undefined:undefined":11,"s:120:4:122:Infinity":37,"b:120:8:120:38:120:38:120:57:120:57:120:80":12,"s:121:6:121:Infinity":38,"s:123:4:125:Infinity":39,"b:124:6:124:Infinity:undefined:undefined:undefined:undefined":13,"s:124:6:124:Infinity":40,"s:124:49:124:Infinity":41,"s:126:4:126:Infinity":42,"s:128:4:128:Infinity":43,"f:132:9:132:20":7,"s:133:8:133:Infinity":44,"s:134:25:134:Infinity":45,"s:135:25:135:Infinity":46,"b:137:2:137:Infinity:undefined:undefined:undefined:undefined":14,"s:137:2:137:Infinity":47,"s:137:55:137:Infinity":48,"s:138:2:138:Infinity":49,"f:141:16:141:29":8,"b:142:2:144:Infinity:undefined:undefined:undefined:undefined":15,"s:142:2:144:Infinity":50,"s:143:4:143:Infinity":51,"s:146:24:146:Infinity":52,"s:147:19:147:Infinity":53,"b:148:2:150:Infinity:undefined:undefined:undefined:undefined":16,"s:148:2:150:Infinity":54,"s:149:4:149:Infinity":55,"s:152:15:152:Infinity":56,"s:153:23:153:Infinity":57,"b:155:2:157:Infinity:undefined:undefined:undefined:undefined":17,"s:155:2:157:Infinity":58,"s:156:4:156:Infinity":59,"s:159:17:159:Infinity":60,"b:160:2:162:Infinity:undefined:undefined:undefined:undefined":18,"s:160:2:162:Infinity":61,"s:161:4:161:Infinity":62,"b:164:2:166:Infinity:undefined:undefined:undefined:undefined":19,"s:164:2:166:Infinity":63,"s:165:4:165:Infinity":64,"s:168:2:168:Infinity":65,"f:178:16:178:Infinity":9,"b:183:2:183:Infinity:undefined:undefined:undefined:undefined":20,"s:183:2:183:Infinity":66,"b:183:6:183:30:183:30:183:57":21,"s:183:57:183:Infinity":67,"s:184:15:184:Infinity":68,"b:184:15:184:38:184:38:184:Infinity":22,"b:185:2:185:Infinity:undefined:undefined:undefined:undefined":23,"s:185:2:185:Infinity":69,"s:185:13:185:Infinity":70,"s:186:2:186:Infinity":71,"b:186:9:186:26:186:26:186:Infinity":24,"f:192:16:192:Infinity":10,"b:196:2:196:Infinity:undefined:undefined:undefined:undefined":25,"s:196:2:196:Infinity":72,"b:196:6:196:30:196:30:196:57":26,"s:196:57:196:Infinity":73,"s:197:15:197:Infinity":74,"b:197:15:197:38:197:38:197:Infinity":27,"s:198:2:198:Infinity":75,"f:206:16:206:39":11,"s:207:36:207:Infinity":76,"s:208:16:208:Infinity":77,"f:208:37:208:38":12,"s:208:44:208:52":78,"s:209:2:220:Infinity":79,"s:210:21:210:Infinity":80,"b:211:4:213:Infinity:undefined:undefined:undefined:undefined":28,"s:211:4:213:Infinity":81,"s:212:6:212:Infinity":82,"s:214:19:214:Infinity":83,"s:215:17:215:Infinity":84,"b:216:4:218:Infinity:undefined:undefined:undefined:undefined":29,"s:216:4:218:Infinity":85,"s:217:6:217:Infinity":86,"s:219:4:219:Infinity":87,"b:221:2:223:Infinity:undefined:undefined:undefined:undefined":30,"s:221:2:223:Infinity":88,"s:222:4:222:Infinity":89,"s:224:2:224:Infinity":90,"f:229:16:229:30":13,"s:230:21:230:Infinity":91,"b:231:2:233:Infinity:undefined:undefined:undefined:undefined":31,"s:231:2:233:Infinity":92,"s:232:4:232:Infinity":93,"s:235:23:235:Infinity":94,"b:236:2:238:Infinity:undefined:undefined:undefined:undefined":32,"s:236:2:238:Infinity":95,"b:236:6:236:42:236:42:236:67":33,"s:237:4:237:Infinity":96,"s:240:2:240:Infinity":97,"f:243:16:243:33":14,"s:244:2:269:Infinity":98,"f:244:27:244:34":15,"b:245:4:247:Infinity:undefined:undefined:undefined:undefined":34,"s:245:4:247:Infinity":99,"s:246:6:246:Infinity":100,"s:249:16:249:Infinity":101,"b:250:4:256:Infinity:undefined:undefined:undefined:undefined":35,"s:250:4:256:Infinity":102,"s:251:6:254:Infinity":103,"s:255:6:255:Infinity":104,"s:258:19:258:Infinity":105,"b:259:4:265:Infinity:undefined:undefined:undefined:undefined":36,"s:259:4:265:Infinity":106,"s:260:6:263:Infinity":107,"s:264:6:264:Infinity":108,"s:267:4:267:Infinity":109,"s:268:4:268:Infinity":110}}}
,"/home/user/pg-crud-api/src/db/introspector.ts": {"path":"/home/user/pg-crud-api/src/db/introspector.ts","statementMap":{"0":{"start":{"line":45,"column":22},"end":{"line":45,"column":null}},"1":{"start":{"line":64,"column":27},"end":{"line":64,"column":null}},"2":{"start":{"line":79,"column":27},"end":{"line":79,"column":null}},"3":{"start":{"line":100,"column":22},"end":{"line":100,"column":null}},"4":{"start":{"line":111,"column":2},"end":{"line":111,"column":null}},"5":{"start":{"line":115,"column":22},"end":{"line":115,"column":null}},"6":{"start":{"line":117,"column":2},"end":{"line":119,"column":null}},"7":{"start":{"line":118,"column":4},"end":{"line":118,"column":null}},"8":{"start":{"line":118,"column":48},"end":{"line":118,"column":74}},"9":{"start":{"line":121,"column":19},"end":{"line":121,"column":null}},"10":{"start":{"line":122,"column":2},"end":{"line":124,"column":null}},"11":{"start":{"line":123,"column":11},"end":{"line":123,"column":null}},"12":{"start":{"line":126,"column":2},"end":{"line":128,"column":null}},"13":{"start":{"line":127,"column":4},"end":{"line":127,"column":null}},"14":{"start":{"line":130,"column":2},"end":{"line":130,"column":null}},"15":{"start":{"line":134,"column":17},"end":{"line":134,"column":null}},"16":{"start":{"line":135,"column":25},"end":{"line":135,"column":null}},"17":{"start":{"line":137,"column":2},"end":{"line":170,"column":null}},"18":{"start":{"line":138,"column":16},"end":{"line":138,"column":null}},"19":{"start":{"line":139,"column":21},"end":{"line":139,"column":null}},"20":{"start":{"line":141,"column":4},"end":{"line":141,"column":null}},"21":{"start":{"line":141,"column":38},"end":{"line":141,"column":null}},"22":{"start":{"line":143,"column":4},"end":{"line":158,"column":null}},"23":{"start":{"line":145,"column":8},"end":{"line":147,"column":null}},"24":{"start":{"line":149,"column":6},"end":{"line":157,"column":null}},"25":{"start":{"line":160,"column":4},"end":{"line":169,"column":null}},"26":{"start":{"line":172,"column":2},"end":{"line":172,"column":null}},"27":{"start":{"line":176,"column":2},"end":{"line":179,"column":null}},"28":{"start":{"line":177,"column":18},"end":{"line":177,"column":null}},"29":{"start":{"line":178,"column":4},"end":{"line":178,"column":null}},"30":{"start":{"line":183,"column":2},"end":{"line":192,"column":null}},"31":{"start":{"line":184,"column":18},"end":{"line":184,"column":null}},"32":{"start":{"line":185,"column":4},"end":{"line":191,"column":null}},"33":{"start":{"line":196,"column":2},"end":{"line":206,"column":null}},"34":{"start":{"line":197,"column":4},"end":{"line":199,"column":null}},"35":{"start":{"line":198,"column":6},"end":{"line":198,"column":null}},"36":{"start":{"line":200,"column":4},"end":{"line":205,"column":null}},"37":{"start":{"line":201,"column":21},"end":{"line":201,"column":null}},"38":{"start":{"line":202,"column":6},"end":{"line":204,"column":null}},"39":{"start":{"line":203,"column":8},"end":{"line":203,"column":null}},"40":{"start":{"line":218,"column":31},"end":{"line":218,"column":null}},"41":{"start":{"line":221,"column":24},"end":{"line":221,"column":null}},"42":{"start":{"line":221,"column":59},"end":{"line":221,"column":77}},"43":{"start":{"line":222,"column":2},"end":{"line":222,"column":null}},"44":{"start":{"line":225,"column":23},"end":{"line":227,"column":null}},"45":{"start":{"line":226,"column":4},"end":{"line":226,"column":null}},"46":{"start":{"line":229,"column":2},"end":{"line":259,"column":null}},"47":{"start":{"line":230,"column":4},"end":{"line":258,"column":null}},"48":{"start":{"line":236,"column":24},"end":{"line":236,"column":61}},"49":{"start":{"line":237,"column":21},"end":{"line":246,"column":10}},"50":{"start":{"line":247,"column":57},"end":{"line":247,"column":75}},"51":{"start":{"line":250,"column":24},"end":{"line":250,"column":72}},"52":{"start":{"line":251,"column":22},"end":{"line":257,"column":10}},"53":{"start":{"line":261,"column":2},"end":{"line":261,"column":null}},"54":{"start":{"line":267,"column":21},"end":{"line":267,"column":null}},"55":{"start":{"line":268,"column":24},"end":{"line":268,"column":null}},"56":{"start":{"line":268,"column":72},"end":{"line":268,"column":85}},"57":{"start":{"line":270,"column":2},"end":{"line":270,"column":null}},"58":{"start":{"line":272,"column":42},"end":{"line":276,"column":null}},"59":{"start":{"line":278,"column":17},"end":{"line":278,"column":null}},"60":{"start":{"line":279,"column":2},"end":{"line":279,"column":null}},"61":{"start":{"line":280,"column":2},"end":{"line":280,"column":null}},"62":{"start":{"line":281,"column":2},"end":{"line":281,"column":null}},"63":{"start":{"line":283,"column":2},"end":{"line":283,"column":null}},"64":{"start":{"line":284,"column":2},"end":{"line":284,"column":null}}},"fnMap":{"0":{"name":"makeFqn","decl":{"start":{"line":110,"column":9},"end":{"line":110,"column":17}},"loc":{"start":{"line":110,"column":56},"end":{"line":112,"column":null}},"line":110},"1":{"name":"resolveTargetSchemas","decl":{"start":{"line":114,"column":9},"end":{"line":114,"column":30}},"loc":{"start":{"line":114,"column":66},"end":{"line":131,"column":null}},"line":114},"2":{"name":"(anonymous_2)","decl":{"start":{"line":118,"column":41},"end":{"line":118,"column":42}},"loc":{"start":{"line":118,"column":48},"end":{"line":118,"column":74}},"line":118},"3":{"name":"(anonymous_3)","decl":{"start":{"line":123,"column":4},"end":{"line":123,"column":5}},"loc":{"start":{"line":123,"column":11},"end":{"line":123,"column":null}},"line":123},"4":{"name":"buildTableMap","decl":{"start":{"line":133,"column":9},"end":{"line":133,"column":23}},"loc":{"start":{"line":133,"column":63},"end":{"line":173,"column":null}},"line":133},"5":{"name":"attachPrimaryKeys","decl":{"start":{"line":175,"column":9},"end":{"line":175,"column":27}},"loc":{"start":{"line":175,"column":80},"end":{"line":180,"column":null}},"line":175},"6":{"name":"attachForeignKeys","decl":{"start":{"line":182,"column":9},"end":{"line":182,"column":27}},"loc":{"start":{"line":182,"column":80},"end":{"line":193,"column":null}},"line":182},"7":{"name":"warnTableIssues","decl":{"start":{"line":195,"column":9},"end":{"line":195,"column":25}},"loc":{"start":{"line":195,"column":63},"end":{"line":207,"column":null}},"line":195},"8":{"name":"computeDatabaseHash","decl":{"start":{"line":217,"column":16},"end":{"line":217,"column":36}},"loc":{"start":{"line":217,"column":68},"end":{"line":262,"column":null}},"line":217},"9":{"name":"(anonymous_9)","decl":{"start":{"line":221,"column":49},"end":{"line":221,"column":50}},"loc":{"start":{"line":221,"column":59},"end":{"line":221,"column":77}},"line":221},"10":{"name":"(anonymous_10)","decl":{"start":{"line":225,"column":63},"end":{"line":225,"column":64}},"loc":{"start":{"line":226,"column":4},"end":{"line":226,"column":null}},"line":226},"11":{"name":"(anonymous_11)","decl":{"start":{"line":236,"column":14},"end":{"line":236,"column":15}},"loc":{"start":{"line":236,"column":24},"end":{"line":236,"column":61}},"line":236},"12":{"name":"(anonymous_12)","decl":{"start":{"line":237,"column":13},"end":{"line":237,"column":14}},"loc":{"start":{"line":237,"column":21},"end":{"line":246,"column":10}},"line":237},"13":{"name":"(anonymous_13)","decl":{"start":{"line":247,"column":47},"end":{"line":247,"column":48}},"loc":{"start":{"line":247,"column":57},"end":{"line":247,"column":75}},"line":247},"14":{"name":"(anonymous_14)","decl":{"start":{"line":250,"column":14},"end":{"line":250,"column":15}},"loc":{"start":{"line":250,"column":24},"end":{"line":250,"column":72}},"line":250},"15":{"name":"(anonymous_15)","decl":{"start":{"line":251,"column":13},"end":{"line":251,"column":14}},"loc":{"start":{"line":251,"column":22},"end":{"line":257,"column":10}},"line":251},"16":{"name":"introspectDatabase","decl":{"start":{"line":266,"column":22},"end":{"line":266,"column":41}},"loc":{"start":{"line":266,"column":78},"end":{"line":285,"column":null}},"line":266},"17":{"name":"(anonymous_17)","decl":{"start":{"line":268,"column":65},"end":{"line":268,"column":66}},"loc":{"start":{"line":268,"column":72},"end":{"line":268,"column":85}},"line":268}},"branchMap":{"0":{"loc":{"start":{"line":117,"column":2},"end":{"line":119,"column":null}},"type":"if","locations":[{"start":{"line":117,"column":2},"end":{"line":119,"column":null}},{"start":{},"end":{}}],"line":117},"1":{"loc":{"start":{"line":123,"column":11},"end":{"line":123,"column":null}},"type":"binary-expr","locations":[{"start":{"line":123,"column":11},"end":{"line":123,"column":31}},{"start":{"line":123,"column":31},"end":{"line":123,"column":59}},{"start":{"line":123,"column":59},"end":{"line":123,"column":null}}],"line":123},"2":{"loc":{"start":{"line":126,"column":2},"end":{"line":128,"column":null}},"type":"if","locations":[{"start":{"line":126,"column":2},"end":{"line":128,"column":null}},{"start":{},"end":{}}],"line":126},"3":{"loc":{"start":{"line":141,"column":4},"end":{"line":141,"column":null}},"type":"if","locations":[{"start":{"line":141,"column":4},"end":{"line":141,"column":null}},{"start":{},"end":{}}],"line":141},"4":{"loc":{"start":{"line":143,"column":4},"end":{"line":158,"column":null}},"type":"if","locations":[{"start":{"line":143,"column":4},"end":{"line":158,"column":null}},{"start":{},"end":{}}],"line":143},"5":{"loc":{"start":{"line":145,"column":8},"end":{"line":147,"column":null}},"type":"cond-expr","locations":[{"start":{"line":146,"column":12},"end":{"line":146,"column":null}},{"start":{"line":147,"column":12},"end":{"line":147,"column":null}}],"line":145},"6":{"loc":{"start":{"line":197,"column":4},"end":{"line":199,"column":null}},"type":"if","locations":[{"start":{"line":197,"column":4},"end":{"line":199,"column":null}},{"start":{},"end":{}}],"line":197},"7":{"loc":{"start":{"line":202,"column":6},"end":{"line":204,"column":null}},"type":"if","locations":[{"start":{"line":202,"column":6},"end":{"line":204,"column":null}},{"start":{},"end":{}}],"line":202}},"s":{"0":6,"1":6,"2":6,"3":6,"4":41,"5":23,"6":23,"7":2,"8":3,"9":23,"10":23,"11":29,"12":23,"13":2,"14":21,"15":21,"16":21,"17":21,"18":26,"19":26,"20":26,"21":1,"22":25,"23":22,"24":22,"25":25,"26":21,"27":21,"28":8,"29":8,"30":21,"31":4,"32":4,"33":21,"34":22,"35":16,"36":22,"37":3,"38":3,"39":2,"40":19,"41":19,"42":2,"43":19,"44":19,"45":5,"46":19,"47":23,"48":62,"49":85,"50":3,"51":2,"52":8,"53":19,"54":23,"55":23,"56":31,"57":23,"58":23,"59":21,"60":21,"61":21,"62":21,"63":21,"64":21},"f":{"0":41,"1":23,"2":3,"3":29,"4":21,"5":21,"6":21,"7":21,"8":19,"9":2,"10":5,"11":62,"12":85,"13":3,"14":2,"15":8,"16":23,"17":31},"b":{"0":[2,21],"1":[29,24,23],"2":[2,21],"3":[1,25],"4":[22,3],"5":[20,2],"6":[16,6],"7":[2,1]},"meta":{"lastBranch":8,"lastFunction":18,"lastStatement":65,"seen":{"s:45:22:45:Infinity":0,"s:64:27:64:Infinity":1,"s:79:27:79:Infinity":2,"s:100:22:100:Infinity":3,"f:110:9:110:17":0,"s:111:2:111:Infinity":4,"f:114:9:114:30":1,"s:115:22:115:Infinity":5,"b:117:2:119:Infinity:undefined:undefined:undefined:undefined":0,"s:117:2:119:Infinity":6,"s:118:4:118:Infinity":7,"f:118:41:118:42":2,"s:118:48:118:74":8,"s:121:19:121:Infinity":9,"s:122:2:124:Infinity":10,"f:123:4:123:5":3,"s:123:11:123:Infinity":11,"b:123:11:123:31:123:31:123:59:123:59:123:Infinity":1,"b:126:2:128:Infinity:undefined:undefined:undefined:undefined":2,"s:126:2:128:Infinity":12,"s:127:4:127:Infinity":13,"s:130:2:130:Infinity":14,"f:133:9:133:23":4,"s:134:17:134:Infinity":15,"s:135:25:135:Infinity":16,"s:137:2:170:Infinity":17,"s:138:16:138:Infinity":18,"s:139:21:139:Infinity":19,"b:141:4:141:Infinity:undefined:undefined:undefined:undefined":3,"s:141:4:141:Infinity":20,"s:141:38:141:Infinity":21,"b:143:4:158:Infinity:undefined:undefined:undefined:undefined":4,"s:143:4:158:Infinity":22,"s:145:8:147:Infinity":23,"b:146:12:146:Infinity:147:12:147:Infinity":5,"s:149:6:157:Infinity":24,"s:160:4:169:Infinity":25,"s:172:2:172:Infinity":26,"f:175:9:175:27":5,"s:176:2:179:Infinity":27,"s:177:18:177:Infinity":28,"s:178:4:178:Infinity":29,"f:182:9:182:27":6,"s:183:2:192:Infinity":30,"s:184:18:184:Infinity":31,"s:185:4:191:Infinity":32,"f:195:9:195:25":7,"s:196:2:206:Infinity":33,"b:197:4:199:Infinity:undefined:undefined:undefined:undefined":6,"s:197:4:199:Infinity":34,"s:198:6:198:Infinity":35,"s:200:4:205:Infinity":36,"s:201:21:201:Infinity":37,"b:202:6:204:Infinity:undefined:undefined:undefined:undefined":7,"s:202:6:204:Infinity":38,"s:203:8:203:Infinity":39,"f:217:16:217:36":8,"s:218:31:218:Infinity":40,"s:221:24:221:Infinity":41,"f:221:49:221:50":9,"s:221:59:221:77":42,"s:222:2:222:Infinity":43,"s:225:23:227:Infinity":44,"f:225:63:225:64":10,"s:226:4:226:Infinity":45,"s:229:2:259:Infinity":46,"s:230:4:258:Infinity":47,"f:236:14:236:15":11,"s:236:24:236:61":48,"f:237:13:237:14":12,"s:237:21:246:10":49,"f:247:47:247:48":13,"s:247:57:247:75":50,"f:250:14:250:15":14,"s:250:24:250:72":51,"f:251:13:251:14":15,"s:251:22:257:10":52,"s:261:2:261:Infinity":53,"f:266:22:266:41":16,"s:267:21:267:Infinity":54,"s:268:24:268:Infinity":55,"f:268:65:268:66":17,"s:268:72:268:85":56,"s:270:2:270:Infinity":57,"s:272:42:276:Infinity":58,"s:278:17:278:Infinity":59,"s:279:2:279:Infinity":60,"s:280:2:280:Infinity":61,"s:281:2:281:Infinity":62,"s:283:2:283:Infinity":63,"s:284:2:284:Infinity":64}}}
,"/home/user/pg-crud-api/src/db/query-builder.ts": {"path":"/home/user/pg-crud-api/src/db/query-builder.ts","statementMap":{"0":{"start":{"line":24,"column":49},"end":{"line":35,"column":null}},"1":{"start":{"line":38,"column":2},"end":{"line":38,"column":null}},"2":{"start":{"line":42,"column":2},"end":{"line":42,"column":null}},"3":{"start":{"line":46,"column":2},"end":{"line":46,"column":null}},"4":{"start":{"line":46,"column":35},"end":{"line":46,"column":49}},"5":{"start":{"line":50,"column":2},"end":{"line":59,"column":null}},"6":{"start":{"line":51,"column":18},"end":{"line":51,"column":null}},"7":{"start":{"line":51,"column":39},"end":{"line":51,"column":62}},"8":{"start":{"line":52,"column":4},"end":{"line":54,"column":null}},"9":{"start":{"line":53,"column":6},"end":{"line":53,"column":null}},"10":{"start":{"line":55,"column":4},"end":{"line":58,"column":null}},"11":{"start":{"line":57,"column":45},"end":{"line":57,"column":51}},"12":{"start":{"line":60,"column":2},"end":{"line":60,"column":null}},"13":{"start":{"line":84,"column":28},"end":{"line":84,"column":null}},"14":{"start":{"line":85,"column":17},"end":{"line":85,"column":null}},"15":{"start":{"line":86,"column":33},"end":{"line":86,"column":null}},"16":{"start":{"line":89,"column":18},"end":{"line":89,"column":null}},"17":{"start":{"line":90,"column":2},"end":{"line":103,"column":null}},"18":{"start":{"line":91,"column":39},"end":{"line":91,"column":null}},"19":{"start":{"line":93,"column":4},"end":{"line":102,"column":null}},"20":{"start":{"line":94,"column":6},"end":{"line":94,"column":null}},"21":{"start":{"line":95,"column":4},"end":{"line":102,"column":null}},"22":{"start":{"line":96,"column":27},"end":{"line":96,"column":null}},"23":{"start":{"line":96,"column":45},"end":{"line":96,"column":61}},"24":{"start":{"line":97,"column":6},"end":{"line":97,"column":null}},"25":{"start":{"line":98,"column":6},"end":{"line":98,"column":null}},"26":{"start":{"line":100,"column":6},"end":{"line":100,"column":null}},"27":{"start":{"line":101,"column":6},"end":{"line":101,"column":null}},"28":{"start":{"line":106,"column":2},"end":{"line":115,"column":null}},"29":{"start":{"line":107,"column":26},"end":{"line":109,"column":null}},"30":{"start":{"line":108,"column":21},"end":{"line":108,"column":44}},"31":{"start":{"line":109,"column":18},"end":{"line":109,"column":61}},"32":{"start":{"line":110,"column":4},"end":{"line":114,"column":null}},"33":{"start":{"line":111,"column":6},"end":{"line":111,"column":null}},"34":{"start":{"line":112,"column":6},"end":{"line":112,"column":null}},"35":{"start":{"line":113,"column":6},"end":{"line":113,"column":null}},"36":{"start":{"line":117,"column":17},"end":{"line":119,"column":null}},"37":{"start":{"line":121,"column":2},"end":{"line":121,"column":null}},"38":{"start":{"line":127,"column":15},"end":{"line":127,"column":null}},"39":{"start":{"line":128,"column":19},"end":{"line":128,"column":null}},"40":{"start":{"line":129,"column":8},"end":{"line":129,"column":null}},"41":{"start":{"line":131,"column":18},"end":{"line":131,"column":null}},"42":{"start":{"line":132,"column":16},"end":{"line":132,"column":null}},"43":{"start":{"line":133,"column":17},"end":{"line":133,"column":null}},"44":{"start":{"line":134,"column":17},"end":{"line":134,"column":null}},"45":{"start":{"line":136,"column":12},"end":{"line":136,"column":null}},"46":{"start":{"line":139,"column":18},"end":{"line":139,"column":null}},"47":{"start":{"line":140,"column":2},"end":{"line":143,"column":null}},"48":{"start":{"line":141,"column":18},"end":{"line":141,"column":null}},"49":{"start":{"line":142,"column":4},"end":{"line":142,"column":null}},"50":{"start":{"line":145,"column":2},"end":{"line":145,"column":null}},"51":{"start":{"line":146,"column":2},"end":{"line":146,"column":null}},"52":{"start":{"line":148,"column":2},"end":{"line":148,"column":null}},"53":{"start":{"line":152,"column":16},"end":{"line":152,"column":null}},"54":{"start":{"line":153,"column":14},"end":{"line":153,"column":null}},"55":{"start":{"line":154,"column":2},"end":{"line":154,"column":null}},"56":{"start":{"line":158,"column":2},"end":{"line":163,"column":null}},"57":{"start":{"line":159,"column":4},"end":{"line":162,"column":null}},"58":{"start":{"line":161,"column":45},"end":{"line":161,"column":51}},"59":{"start":{"line":167,"column":19},"end":{"line":167,"column":null}},"60":{"start":{"line":168,"column":2},"end":{"line":168,"column":null}},"61":{"start":{"line":168,"column":21},"end":{"line":168,"column":null}},"62":{"start":{"line":170,"column":18},"end":{"line":170,"column":null}},"63":{"start":{"line":171,"column":2},"end":{"line":171,"column":null}},"64":{"start":{"line":171,"column":34},"end":{"line":171,"column":null}},"65":{"start":{"line":173,"column":2},"end":{"line":173,"column":null}},"66":{"start":{"line":177,"column":2},"end":{"line":179,"column":null}},"67":{"start":{"line":178,"column":4},"end":{"line":178,"column":null}},"68":{"start":{"line":180,"column":2},"end":{"line":186,"column":null}},"69":{"start":{"line":181,"column":18},"end":{"line":181,"column":null}},"70":{"start":{"line":182,"column":4},"end":{"line":184,"column":null}},"71":{"start":{"line":183,"column":6},"end":{"line":183,"column":null}},"72":{"start":{"line":185,"column":4},"end":{"line":185,"column":null}},"73":{"start":{"line":187,"column":2},"end":{"line":187,"column":null}},"74":{"start":{"line":191,"column":33},"end":{"line":191,"column":null}},"75":{"start":{"line":192,"column":2},"end":{"line":197,"column":null}},"76":{"start":{"line":193,"column":4},"end":{"line":193,"column":null}},"77":{"start":{"line":194,"column":37},"end":{"line":194,"column":null}},"78":{"start":{"line":195,"column":18},"end":{"line":195,"column":null}},"79":{"start":{"line":196,"column":4},"end":{"line":196,"column":null}},"80":{"start":{"line":198,"column":2},"end":{"line":198,"column":null}},"81":{"start":{"line":208,"column":18},"end":{"line":208,"column":null}},"82":{"start":{"line":209,"column":28},"end":{"line":209,"column":null}},"83":{"start":{"line":210,"column":33},"end":{"line":210,"column":null}},"84":{"start":{"line":211,"column":17},"end":{"line":211,"column":null}},"85":{"start":{"line":213,"column":2},"end":{"line":216,"column":null}},"86":{"start":{"line":214,"column":4},"end":{"line":214,"column":null}},"87":{"start":{"line":215,"column":4},"end":{"line":215,"column":null}},"88":{"start":{"line":218,"column":14},"end":{"line":218,"column":null}},"89":{"start":{"line":219,"column":2},"end":{"line":219,"column":null}},"90":{"start":{"line":228,"column":23},"end":{"line":228,"column":null}},"91":{"start":{"line":228,"column":51},"end":{"line":228,"column":77}},"92":{"start":{"line":229,"column":2},"end":{"line":231,"column":null}},"93":{"start":{"line":230,"column":4},"end":{"line":230,"column":null}},"94":{"start":{"line":233,"column":19},"end":{"line":233,"column":null}},"95":{"start":{"line":233,"column":43},"end":{"line":233,"column":61}},"96":{"start":{"line":234,"column":23},"end":{"line":234,"column":null}},"97":{"start":{"line":234,"column":50},"end":{"line":234,"column":61}},"98":{"start":{"line":235,"column":17},"end":{"line":235,"column":null}},"99":{"start":{"line":235,"column":41},"end":{"line":235,"column":53}},"100":{"start":{"line":237,"column":14},"end":{"line":237,"column":null}},"101":{"start":{"line":238,"column":2},"end":{"line":238,"column":null}},"102":{"start":{"line":247,"column":2},"end":{"line":247,"column":null}},"103":{"start":{"line":247,"column":25},"end":{"line":247,"column":null}},"104":{"start":{"line":248,"column":2},"end":{"line":250,"column":null}},"105":{"start":{"line":249,"column":4},"end":{"line":249,"column":null}},"106":{"start":{"line":253,"column":20},"end":{"line":253,"column":null}},"107":{"start":{"line":254,"column":2},"end":{"line":260,"column":null}},"108":{"start":{"line":255,"column":4},"end":{"line":259,"column":null}},"109":{"start":{"line":256,"column":6},"end":{"line":258,"column":null}},"110":{"start":{"line":256,"column":36},"end":{"line":256,"column":50}},"111":{"start":{"line":257,"column":8},"end":{"line":257,"column":null}},"112":{"start":{"line":262,"column":18},"end":{"line":262,"column":null}},"113":{"start":{"line":263,"column":2},"end":{"line":263,"column":null}},"114":{"start":{"line":263,"column":28},"end":{"line":263,"column":null}},"115":{"start":{"line":265,"column":19},"end":{"line":265,"column":null}},"116":{"start":{"line":266,"column":28},"end":{"line":266,"column":null}},"117":{"start":{"line":267,"column":36},"end":{"line":267,"column":null}},"118":{"start":{"line":268,"column":17},"end":{"line":268,"column":null}},"119":{"start":{"line":270,"column":2},"end":{"line":276,"column":null}},"120":{"start":{"line":271,"column":25},"end":{"line":274,"column":null}},"121":{"start":{"line":272,"column":6},"end":{"line":272,"column":null}},"122":{"start":{"line":273,"column":6},"end":{"line":273,"column":null}},"123":{"start":{"line":275,"column":4},"end":{"line":275,"column":null}},"124":{"start":{"line":278,"column":14},"end":{"line":278,"column":null}},"125":{"start":{"line":279,"column":2},"end":{"line":279,"column":null}},"126":{"start":{"line":290,"column":24},"end":{"line":292,"column":null}},"127":{"start":{"line":291,"column":11},"end":{"line":291,"column":null}},"128":{"start":{"line":294,"column":2},"end":{"line":296,"column":null}},"129":{"start":{"line":295,"column":4},"end":{"line":295,"column":null}},"130":{"start":{"line":298,"column":28},"end":{"line":298,"column":null}},"131":{"start":{"line":299,"column":17},"end":{"line":299,"column":null}},"132":{"start":{"line":301,"column":21},"end":{"line":304,"column":null}},"133":{"start":{"line":302,"column":4},"end":{"line":302,"column":null}},"134":{"start":{"line":303,"column":4},"end":{"line":303,"column":null}},"135":{"start":{"line":306,"column":23},"end":{"line":309,"column":null}},"136":{"start":{"line":307,"column":4},"end":{"line":307,"column":null}},"137":{"start":{"line":308,"column":4},"end":{"line":308,"column":null}},"138":{"start":{"line":311,"column":14},"end":{"line":311,"column":null}},"139":{"start":{"line":312,"column":2},"end":{"line":312,"column":null}},"140":{"start":{"line":321,"column":28},"end":{"line":321,"column":null}},"141":{"start":{"line":322,"column":17},"end":{"line":322,"column":null}},"142":{"start":{"line":324,"column":23},"end":{"line":327,"column":null}},"143":{"start":{"line":325,"column":4},"end":{"line":325,"column":null}},"144":{"start":{"line":326,"column":4},"end":{"line":326,"column":null}},"145":{"start":{"line":329,"column":14},"end":{"line":329,"column":null}},"146":{"start":{"line":330,"column":2},"end":{"line":330,"column":null}},"147":{"start":{"line":336,"column":40},"end":{"line":336,"column":null}},"148":{"start":{"line":338,"column":2},"end":{"line":451,"column":null}},"149":{"start":{"line":341,"column":6},"end":{"line":341,"column":null}},"150":{"start":{"line":342,"column":6},"end":{"line":342,"column":null}},"151":{"start":{"line":343,"column":6},"end":{"line":343,"column":null}},"152":{"start":{"line":344,"column":6},"end":{"line":344,"column":null}},"153":{"start":{"line":347,"column":6},"end":{"line":347,"column":null}},"154":{"start":{"line":348,"column":6},"end":{"line":348,"column":null}},"155":{"start":{"line":349,"column":6},"end":{"line":349,"column":null}},"156":{"start":{"line":350,"column":6},"end":{"line":350,"column":null}},"157":{"start":{"line":354,"column":6},"end":{"line":354,"column":null}},"158":{"start":{"line":355,"column":6},"end":{"line":355,"column":null}},"159":{"start":{"line":363,"column":6},"end":{"line":363,"column":null}},"160":{"start":{"line":364,"column":6},"end":{"line":364,"column":null}},"161":{"start":{"line":368,"column":6},"end":{"line":368,"column":null}},"162":{"start":{"line":369,"column":6},"end":{"line":369,"column":null}},"163":{"start":{"line":374,"column":6},"end":{"line":374,"column":null}},"164":{"start":{"line":378,"column":6},"end":{"line":378,"column":null}},"165":{"start":{"line":379,"column":6},"end":{"line":379,"column":null}},"166":{"start":{"line":380,"column":6},"end":{"line":380,"column":null}},"167":{"start":{"line":382,"column":6},"end":{"line":382,"column":null}},"168":{"start":{"line":383,"column":6},"end":{"line":383,"column":null}},"169":{"start":{"line":384,"column":6},"end":{"line":384,"column":null}},"170":{"start":{"line":387,"column":6},"end":{"line":387,"column":null}},"171":{"start":{"line":388,"column":6},"end":{"line":388,"column":null}},"172":{"start":{"line":389,"column":6},"end":{"line":389,"column":null}},"173":{"start":{"line":392,"column":6},"end":{"line":392,"column":null}},"174":{"start":{"line":393,"column":6},"end":{"line":393,"column":null}},"175":{"start":{"line":394,"column":6},"end":{"line":394,"column":null}},"176":{"start":{"line":396,"column":6},"end":{"line":396,"column":null}},"177":{"start":{"line":397,"column":6},"end":{"line":397,"column":null}},"178":{"start":{"line":398,"column":6},"end":{"line":398,"column":null}},"179":{"start":{"line":401,"column":6},"end":{"line":401,"column":null}},"180":{"start":{"line":402,"column":6},"end":{"line":402,"column":null}},"181":{"start":{"line":408,"column":6},"end":{"line":408,"column":null}},"182":{"start":{"line":409,"column":6},"end":{"line":409,"column":null}},"183":{"start":{"line":410,"column":6},"end":{"line":410,"column":null}},"184":{"start":{"line":416,"column":6},"end":{"line":416,"column":null}},"185":{"start":{"line":417,"column":6},"end":{"line":417,"column":null}},"186":{"start":{"line":418,"column":6},"end":{"line":418,"column":null}},"187":{"start":{"line":422,"column":6},"end":{"line":422,"column":null}},"188":{"start":{"line":423,"column":6},"end":{"line":423,"column":null}},"189":{"start":{"line":424,"column":6},"end":{"line":424,"column":null}},"190":{"start":{"line":431,"column":6},"end":{"line":431,"column":null}},"191":{"start":{"line":432,"column":6},"end":{"line":432,"column":null}},"192":{"start":{"line":433,"column":6},"end":{"line":433,"column":null}},"193":{"start":{"line":437,"column":6},"end":{"line":437,"column":null}},"194":{"start":{"line":438,"column":6},"end":{"line":438,"column":null}},"195":{"start":{"line":439,"column":6},"end":{"line":439,"column":null}},"196":{"start":{"line":444,"column":6},"end":{"line":444,"column":null}},"197":{"start":{"line":445,"column":6},"end":{"line":445,"column":null}},"198":{"start":{"line":446,"column":6},"end":{"line":446,"column":null}},"199":{"start":{"line":450,"column":6},"end":{"line":450,"column":null}},"200":{"start":{"line":453,"column":2},"end":{"line":455,"column":null}},"201":{"start":{"line":454,"column":4},"end":{"line":454,"column":null}},"202":{"start":{"line":458,"column":2},"end":{"line":460,"column":null}},"203":{"start":{"line":459,"column":4},"end":{"line":459,"column":null}},"204":{"start":{"line":462,"column":2},"end":{"line":462,"column":null}}},"fnMap":{"0":{"name":"quoteIdent","decl":{"start":{"line":37,"column":9},"end":{"line":37,"column":20}},"loc":{"start":{"line":37,"column":42},"end":{"line":39,"column":null}},"line":37},"1":{"name":"escapeLike","decl":{"start":{"line":41,"column":9},"end":{"line":41,"column":20}},"loc":{"start":{"line":41,"column":43},"end":{"line":43,"column":null}},"line":41},"2":{"name":"isValidColumn","decl":{"start":{"line":45,"column":9},"end":{"line":45,"column":23}},"loc":{"start":{"line":45,"column":63},"end":{"line":47,"column":null}},"line":45},"3":{"name":"(anonymous_3)","decl":{"start":{"line":46,"column":28},"end":{"line":46,"column":29}},"loc":{"start":{"line":46,"column":35},"end":{"line":46,"column":49}},"line":46},"4":{"name":"getColumnNames","decl":{"start":{"line":49,"column":9},"end":{"line":49,"column":24}},"loc":{"start":{"line":49,"column":69},"end":{"line":61,"column":null}},"line":49},"5":{"name":"(anonymous_5)","decl":{"start":{"line":51,"column":32},"end":{"line":51,"column":33}},"loc":{"start":{"line":51,"column":39},"end":{"line":51,"column":62}},"line":51},"6":{"name":"(anonymous_6)","decl":{"start":{"line":57,"column":38},"end":{"line":57,"column":39}},"loc":{"start":{"line":57,"column":45},"end":{"line":57,"column":51}},"line":57},"7":{"name":"buildWhereClauses","decl":{"start":{"line":79,"column":9},"end":{"line":79,"column":null}},"loc":{"start":{"line":83,"column":15},"end":{"line":122,"column":null}},"line":83},"8":{"name":"(anonymous_8)","decl":{"start":{"line":96,"column":39},"end":{"line":96,"column":45}},"loc":{"start":{"line":96,"column":45},"end":{"line":96,"column":61}},"line":96},"9":{"name":"(anonymous_9)","decl":{"start":{"line":108,"column":14},"end":{"line":108,"column":15}},"loc":{"start":{"line":108,"column":21},"end":{"line":108,"column":44}},"line":108},"10":{"name":"(anonymous_10)","decl":{"start":{"line":109,"column":11},"end":{"line":109,"column":12}},"loc":{"start":{"line":109,"column":18},"end":{"line":109,"column":61}},"line":109},"11":{"name":"buildSelectQuery","decl":{"start":{"line":126,"column":16},"end":{"line":126,"column":33}},"loc":{"start":{"line":126,"column":83},"end":{"line":149,"column":null}},"line":126},"12":{"name":"buildCountQuery","decl":{"start":{"line":151,"column":16},"end":{"line":151,"column":32}},"loc":{"start":{"line":151,"column":82},"end":{"line":155,"column":null}},"line":151},"13":{"name":"validateFilterColumn","decl":{"start":{"line":157,"column":9},"end":{"line":157,"column":30}},"loc":{"start":{"line":157,"column":70},"end":{"line":164,"column":null}},"line":157},"14":{"name":"(anonymous_14)","decl":{"start":{"line":161,"column":38},"end":{"line":161,"column":39}},"loc":{"start":{"line":161,"column":45},"end":{"line":161,"column":51}},"line":161},"15":{"name":"parseOperatorAndValue","decl":{"start":{"line":166,"column":9},"end":{"line":166,"column":31}},"loc":{"start":{"line":166,"column":80},"end":{"line":174,"column":null}},"line":166},"16":{"name":"coerceFilterValue","decl":{"start":{"line":176,"column":9},"end":{"line":176,"column":27}},"loc":{"start":{"line":176,"column":66},"end":{"line":188,"column":null}},"line":176},"17":{"name":"parseFiltersFromObject","decl":{"start":{"line":190,"column":9},"end":{"line":190,"column":32}},"loc":{"start":{"line":190,"column":100},"end":{"line":199,"column":null}},"line":190},"18":{"name":"buildSelectByPkQuery","decl":{"start":{"line":203,"column":16},"end":{"line":203,"column":null}},"loc":{"start":{"line":207,"column":15},"end":{"line":220,"column":null}},"line":207},"19":{"name":"buildInsertQuery","decl":{"start":{"line":224,"column":16},"end":{"line":224,"column":null}},"loc":{"start":{"line":227,"column":15},"end":{"line":239,"column":null}},"line":227},"20":{"name":"(anonymous_20)","decl":{"start":{"line":228,"column":44},"end":{"line":228,"column":45}},"loc":{"start":{"line":228,"column":51},"end":{"line":228,"column":77}},"line":228},"21":{"name":"(anonymous_21)","decl":{"start":{"line":233,"column":36},"end":{"line":233,"column":37}},"loc":{"start":{"line":233,"column":43},"end":{"line":233,"column":61}},"line":233},"22":{"name":"(anonymous_22)","decl":{"start":{"line":234,"column":40},"end":{"line":234,"column":41}},"loc":{"start":{"line":234,"column":50},"end":{"line":234,"column":61}},"line":234},"23":{"name":"(anonymous_23)","decl":{"start":{"line":235,"column":34},"end":{"line":235,"column":35}},"loc":{"start":{"line":235,"column":41},"end":{"line":235,"column":53}},"line":235},"24":{"name":"buildBulkInsertQuery","decl":{"start":{"line":243,"column":16},"end":{"line":243,"column":null}},"loc":{"start":{"line":246,"column":15},"end":{"line":280,"column":null}},"line":246},"25":{"name":"(anonymous_25)","decl":{"start":{"line":256,"column":29},"end":{"line":256,"column":30}},"loc":{"start":{"line":256,"column":36},"end":{"line":256,"column":50}},"line":256},"26":{"name":"(anonymous_26)","decl":{"start":{"line":271,"column":37},"end":{"line":271,"column":38}},"loc":{"start":{"line":271,"column":46},"end":{"line":274,"column":5}},"line":271},"27":{"name":"buildUpdateQuery","decl":{"start":{"line":284,"column":16},"end":{"line":284,"column":null}},"loc":{"start":{"line":288,"column":15},"end":{"line":313,"column":null}},"line":288},"28":{"name":"(anonymous_28)","decl":{"start":{"line":291,"column":4},"end":{"line":291,"column":5}},"loc":{"start":{"line":291,"column":11},"end":{"line":291,"column":null}},"line":291},"29":{"name":"(anonymous_29)","decl":{"start":{"line":301,"column":39},"end":{"line":301,"column":40}},"loc":{"start":{"line":301,"column":46},"end":{"line":304,"column":3}},"line":301},"30":{"name":"(anonymous_30)","decl":{"start":{"line":306,"column":45},"end":{"line":306,"column":46}},"loc":{"start":{"line":306,"column":53},"end":{"line":309,"column":3}},"line":306},"31":{"name":"buildDeleteQuery","decl":{"start":{"line":317,"column":16},"end":{"line":317,"column":null}},"loc":{"start":{"line":320,"column":15},"end":{"line":331,"column":null}},"line":320},"32":{"name":"(anonymous_32)","decl":{"start":{"line":324,"column":45},"end":{"line":324,"column":46}},"loc":{"start":{"line":324,"column":53},"end":{"line":327,"column":3}},"line":324},"33":{"name":"pgTypeToJsonSchema","decl":{"start":{"line":335,"column":16},"end":{"line":335,"column":35}},"loc":{"start":{"line":335,"column":77},"end":{"line":463,"column":null}},"line":335}},"branchMap":{"0":{"loc":{"start":{"line":50,"column":2},"end":{"line":59,"column":null}},"type":"if","locations":[{"start":{"line":50,"column":2},"end":{"line":59,"column":null}},{"start":{},"end":{}}],"line":50},"1":{"loc":{"start":{"line":50,"column":6},"end":{"line":50,"column":35}},"type":"binary-expr","locations":[{"start":{"line":50,"column":6},"end":{"line":50,"column":16}},{"start":{"line":50,"column":16},"end":{"line":50,"column":35}}],"line":50},"2":{"loc":{"start":{"line":52,"column":4},"end":{"line":54,"column":null}},"type":"if","locations":[{"start":{"line":52,"column":4},"end":{"line":54,"column":null}},{"start":{},"end":{}}],"line":52},"3":{"loc":{"start":{"line":82,"column":2},"end":{"line":82,"column":null}},"type":"default-arg","locations":[{"start":{"line":82,"column":26},"end":{"line":82,"column":null}}],"line":82},"4":{"loc":{"start":{"line":89,"column":18},"end":{"line":89,"column":null}},"type":"cond-expr","locations":[{"start":{"line":89,"column":33},"end":{"line":89,"column":79}},{"start":{"line":89,"column":79},"end":{"line":89,"column":null}}],"line":89},"5":{"loc":{"start":{"line":93,"column":4},"end":{"line":102,"column":null}},"type":"if","locations":[{"start":{"line":93,"column":4},"end":{"line":102,"column":null}},{"start":{"line":95,"column":4},"end":{"line":102,"column":null}}],"line":93},"6":{"loc":{"start":{"line":94,"column":54},"end":{"line":94,"column":92}},"type":"cond-expr","locations":[{"start":{"line":94,"column":73},"end":{"line":94,"column":82}},{"start":{"line":94,"column":82},"end":{"line":94,"column":92}}],"line":94},"7":{"loc":{"start":{"line":95,"column":4},"end":{"line":102,"column":null}},"type":"if","locations":[{"start":{"line":95,"column":4},"end":{"line":102,"column":null}},{"start":{"line":99,"column":11},"end":{"line":102,"column":null}}],"line":95},"8":{"loc":{"start":{"line":95,"column":15},"end":{"line":95,"column":62}},"type":"binary-expr","locations":[{"start":{"line":95,"column":15},"end":{"line":95,"column":38}},{"start":{"line":95,"column":38},"end":{"line":95,"column":62}}],"line":95},"9":{"loc":{"start":{"line":106,"column":2},"end":{"line":115,"column":null}},"type":"if","locations":[{"start":{"line":106,"column":2},"end":{"line":115,"column":null}},{"start":{},"end":{}}],"line":106},"10":{"loc":{"start":{"line":106,"column":6},"end":{"line":106,"column":74}},"type":"binary-expr","locations":[{"start":{"line":106,"column":6},"end":{"line":106,"column":21}},{"start":{"line":106,"column":21},"end":{"line":106,"column":43}},{"start":{"line":106,"column":43},"end":{"line":106,"column":74}}],"line":106},"11":{"loc":{"start":{"line":110,"column":4},"end":{"line":114,"column":null}},"type":"if","locations":[{"start":{"line":110,"column":4},"end":{"line":114,"column":null}},{"start":{},"end":{}}],"line":110},"12":{"loc":{"start":{"line":117,"column":17},"end":{"line":119,"column":null}},"type":"cond-expr","locations":[{"start":{"line":118,"column":6},"end":{"line":118,"column":null}},{"start":{"line":119,"column":6},"end":{"line":119,"column":null}}],"line":117},"13":{"loc":{"start":{"line":127,"column":27},"end":{"line":127,"column":41}},"type":"binary-expr","locations":[{"start":{"line":127,"column":27},"end":{"line":127,"column":40}},{"start":{"line":127,"column":40},"end":{"line":127,"column":41}}],"line":127},"14":{"loc":{"start":{"line":128,"column":60},"end":{"line":128,"column":99}},"type":"binary-expr","locations":[{"start":{"line":128,"column":60},"end":{"line":128,"column":77}},{"start":{"line":128,"column":77},"end":{"line":128,"column":99}}],"line":128},"15":{"loc":{"start":{"line":139,"column":18},"end":{"line":139,"column":null}},"type":"cond-expr","locations":[{"start":{"line":139,"column":69},"end":{"line":139,"column":84}},{"start":{"line":139,"column":84},"end":{"line":139,"column":null}}],"line":139},"16":{"loc":{"start":{"line":139,"column":18},"end":{"line":139,"column":69}},"type":"binary-expr","locations":[{"start":{"line":139,"column":18},"end":{"line":139,"column":33}},{"start":{"line":139,"column":33},"end":{"line":139,"column":69}}],"line":139},"17":{"loc":{"start":{"line":139,"column":84},"end":{"line":139,"column":null}},"type":"binary-expr","locations":[{"start":{"line":139,"column":84},"end":{"line":139,"column":108}},{"start":{"line":139,"column":108},"end":{"line":139,"column":null}}],"line":139},"18":{"loc":{"start":{"line":140,"column":2},"end":{"line":143,"column":null}},"type":"if","locations":[{"start":{"line":140,"column":2},"end":{"line":143,"column":null}},{"start":{},"end":{}}],"line":140},"19":{"loc":{"start":{"line":141,"column":18},"end":{"line":141,"column":null}},"type":"cond-expr","locations":[{"start":{"line":141,"column":46},"end":{"line":141,"column":55}},{"start":{"line":141,"column":55},"end":{"line":141,"column":null}}],"line":141},"20":{"loc":{"start":{"line":158,"column":2},"end":{"line":163,"column":null}},"type":"if","locations":[{"start":{"line":158,"column":2},"end":{"line":163,"column":null}},{"start":{},"end":{}}],"line":158},"21":{"loc":{"start":{"line":168,"column":2},"end":{"line":168,"column":null}},"type":"if","locations":[{"start":{"line":168,"column":2},"end":{"line":168,"column":null}},{"start":{},"end":{}}],"line":168},"22":{"loc":{"start":{"line":171,"column":2},"end":{"line":171,"column":null}},"type":"if","locations":[{"start":{"line":171,"column":2},"end":{"line":171,"column":null}},{"start":{},"end":{}}],"line":171},"23":{"loc":{"start":{"line":177,"column":2},"end":{"line":179,"column":null}},"type":"if","locations":[{"start":{"line":177,"column":2},"end":{"line":179,"column":null}},{"start":{},"end":{}}],"line":177},"24":{"loc":{"start":{"line":178,"column":11},"end":{"line":178,"column":null}},"type":"cond-expr","locations":[{"start":{"line":178,"column":47},"end":{"line":178,"column":54}},{"start":{"line":178,"column":54},"end":{"line":178,"column":null}}],"line":178},"25":{"loc":{"start":{"line":180,"column":2},"end":{"line":186,"column":null}},"type":"if","locations":[{"start":{"line":180,"column":2},"end":{"line":186,"column":null}},{"start":{},"end":{}}],"line":180},"26":{"loc":{"start":{"line":182,"column":4},"end":{"line":184,"column":null}},"type":"if","locations":[{"start":{"line":182,"column":4},"end":{"line":184,"column":null}},{"start":{},"end":{}}],"line":182},"27":{"loc":{"start":{"line":229,"column":2},"end":{"line":231,"column":null}},"type":"if","locations":[{"start":{"line":229,"column":2},"end":{"line":231,"column":null}},{"start":{},"end":{}}],"line":229},"28":{"loc":{"start":{"line":247,"column":2},"end":{"line":247,"column":null}},"type":"if","locations":[{"start":{"line":247,"column":2},"end":{"line":247,"column":null}},{"start":{},"end":{}}],"line":247},"29":{"loc":{"start":{"line":248,"column":2},"end":{"line":250,"column":null}},"type":"if","locations":[{"start":{"line":248,"column":2},"end":{"line":250,"column":null}},{"start":{},"end":{}}],"line":248},"30":{"loc":{"start":{"line":256,"column":6},"end":{"line":258,"column":null}},"type":"if","locations":[{"start":{"line":256,"column":6},"end":{"line":258,"column":null}},{"start":{},"end":{}}],"line":256},"31":{"loc":{"start":{"line":263,"column":2},"end":{"line":263,"column":null}},"type":"if","locations":[{"start":{"line":263,"column":2},"end":{"line":263,"column":null}},{"start":{},"end":{}}],"line":263},"32":{"loc":{"start":{"line":272,"column":18},"end":{"line":272,"column":34}},"type":"binary-expr","locations":[{"start":{"line":272,"column":18},"end":{"line":272,"column":30}},{"start":{"line":272,"column":30},"end":{"line":272,"column":34}}],"line":272},"33":{"loc":{"start":{"line":291,"column":11},"end":{"line":291,"column":null}},"type":"binary-expr","locations":[{"start":{"line":291,"column":11},"end":{"line":291,"column":41}},{"start":{"line":291,"column":41},"end":{"line":291,"column":null}}],"line":291},"34":{"loc":{"start":{"line":294,"column":2},"end":{"line":296,"column":null}},"type":"if","locations":[{"start":{"line":294,"column":2},"end":{"line":296,"column":null}},{"start":{},"end":{}}],"line":294},"35":{"loc":{"start":{"line":338,"column":2},"end":{"line":451,"column":null}},"type":"switch","locations":[{"start":{"line":340,"column":4},"end":{"line":344,"column":null}},{"start":{"line":345,"column":4},"end":{"line":345,"column":null}},{"start":{"line":346,"column":4},"end":{"line":350,"column":null}},{"start":{"line":351,"column":4},"end":{"line":351,"column":null}},{"start":{"line":352,"column":4},"end":{"line":352,"column":null}},{"start":{"line":353,"column":4},"end":{"line":355,"column":null}},{"start":{"line":358,"column":4},"end":{"line":358,"column":null}},{"start":{"line":359,"column":4},"end":{"line":359,"column":null}},{"start":{"line":360,"column":4},"end":{"line":360,"column":null}},{"start":{"line":361,"column":4},"end":{"line":361,"column":null}},{"start":{"line":362,"column":4},"end":{"line":364,"column":null}},{"start":{"line":367,"column":4},"end":{"line":369,"column":null}},{"start":{"line":372,"column":4},"end":{"line":372,"column":null}},{"start":{"line":373,"column":4},"end":{"line":374,"column":null}},{"start":{"line":377,"column":4},"end":{"line":380,"column":null}},{"start":{"line":381,"column":4},"end":{"line":384,"column":null}},{"start":{"line":385,"column":4},"end":{"line":385,"column":null}},{"start":{"line":386,"column":4},"end":{"line":389,"column":null}},{"start":{"line":390,"column":4},"end":{"line":390,"column":null}},{"start":{"line":391,"column":4},"end":{"line":394,"column":null}},{"start":{"line":395,"column":4},"end":{"line":398,"column":null}},{"start":{"line":399,"column":4},"end":{"line":399,"column":null}},{"start":{"line":400,"column":4},"end":{"line":402,"column":null}},{"start":{"line":405,"column":4},"end":{"line":405,"column":null}},{"start":{"line":406,"column":4},"end":{"line":406,"column":null}},{"start":{"line":407,"column":4},"end":{"line":410,"column":null}},{"start":{"line":413,"column":4},"end":{"line":413,"column":null}},{"start":{"line":414,"column":4},"end":{"line":414,"column":null}},{"start":{"line":415,"column":4},"end":{"line":418,"column":null}},{"start":{"line":421,"column":4},"end":{"line":424,"column":null}},{"start":{"line":427,"column":4},"end":{"line":427,"column":null}},{"start":{"line":428,"column":4},"end":{"line":428,"column":null}},{"start":{"line":429,"column":4},"end":{"line":429,"column":null}},{"start":{"line":430,"column":4},"end":{"line":433,"column":null}},{"start":{"line":436,"column":4},"end":{"line":439,"column":null}},{"start":{"line":442,"column":4},"end":{"line":442,"column":null}},{"start":{"line":443,"column":4},"end":{"line":446,"column":null}},{"start":{"line":449,"column":4},"end":{"line":450,"column":null}}],"line":338},"36":{"loc":{"start":{"line":453,"column":2},"end":{"line":455,"column":null}},"type":"if","locations":[{"start":{"line":453,"column":2},"end":{"line":455,"column":null}},{"start":{},"end":{}}],"line":453},"37":{"loc":{"start":{"line":458,"column":2},"end":{"line":460,"column":null}},"type":"if","locations":[{"start":{"line":458,"column":2},"end":{"line":460,"column":null}},{"start":{},"end":{}}],"line":458},"38":{"loc":{"start":{"line":458,"column":6},"end":{"line":458,"column":35}},"type":"binary-expr","locations":[{"start":{"line":458,"column":6},"end":{"line":458,"column":24}},{"start":{"line":458,"column":24},"end":{"line":458,"column":35}}],"line":458}},"s":{"0":9,"1":214,"2":13,"3":63,"4":150,"5":71,"6":7,"7":11,"8":7,"9":6,"10":1,"11":4,"12":64,"13":80,"14":80,"15":80,"16":80,"17":80,"18":24,"19":24,"20":2,"21":22,"22":1,"23":3,"24":1,"25":1,"26":21,"27":21,"28":76,"29":14,"30":19,"31":18,"32":14,"33":13,"34":13,"35":13,"36":76,"37":80,"38":56,"39":56,"40":56,"41":56,"42":56,"43":56,"44":56,"45":56,"46":56,"47":56,"48":51,"49":51,"50":51,"51":51,"52":51,"53":25,"54":25,"55":25,"56":28,"57":3,"58":12,"59":25,"60":25,"61":1,"62":24,"63":24,"64":1,"65":23,"66":25,"67":2,"68":23,"69":2,"70":2,"71":1,"72":1,"73":21,"74":27,"75":27,"76":28,"77":28,"78":28,"79":28,"80":23,"81":15,"82":15,"83":15,"84":15,"85":15,"86":18,"87":18,"88":15,"89":15,"90":18,"91":71,"92":18,"93":1,"94":17,"95":33,"96":17,"97":33,"98":17,"99":33,"100":17,"101":17,"102":7,"103":1,"104":6,"105":1,"106":5,"107":5,"108":9,"109":15,"110":39,"111":14,"112":5,"113":5,"114":1,"115":4,"116":4,"117":4,"118":4,"119":4,"120":8,"121":16,"122":16,"123":8,"124":4,"125":4,"126":16,"127":63,"128":16,"129"
[...]
38:166:45":16,"s:167:33:167:Infinity":56,"s:168:22:168:Infinity":57,"b:170:4:172:Infinity:undefined:undefined:undefined:undefined":18,"s:170:4:172:Infinity":58,"b:170:8:170:22:170:22:170:86":19,"s:171:6:171:Infinity":59,"s:174:4:188:Infinity":60,"f:178:37:178:38":17,"s:178:45:185:8":61,"s:192:2:505:Infinity":62,"s:193:21:193:Infinity":63,"s:194:16:194:Infinity":64,"b:194:44:194:57:194:57:194:Infinity":20,"s:196:4:196:Infinity":65,"s:198:22:198:Infinity":66,"s:199:25:199:Infinity":67,"s:200:22:200:Infinity":68,"s:201:24:201:Infinity":69,"s:204:4:293:Infinity":70,"f:213:62:213:63":18,"s:213:69:213:75":71,"f:243:15:243:22":19,"b:244:8:246:Infinity:undefined:undefined:undefined:undefined":21,"s:244:8:246:Infinity":72,"s:245:10:245:Infinity":73,"s:247:8:291:Infinity":74,"s:248:24:248:Infinity":75,"s:251:51:251:Infinity":76,"s:252:10:256:Infinity":77,"b:253:12:255:Infinity:undefined:undefined:undefined:undefined":22,"s:253:12:255:Infinity":78,"s:254:14:254:Infinity":79,"s:258:36:271:Infinity":80,"b:265:35:265:71:265:71:265:Infinity":23,"b:268:16:268:Infinity:269:16:269:Infinity":24,"f:269:37:269:38":20,"s:269:44:269:99":81,"f:269:105:269:106":21,"s:269:112:269:118":82,"b:270:55:270:65:270:65:270:Infinity":25,"s:273:44:276:Infinity":83,"s:278:24:278:Infinity":84,"s:280:10:288:Infinity":85,"s:290:10:290:Infinity":86,"b:297:4:301:Infinity:299:4:301:Infinity":26,"s:297:4:301:Infinity":87,"s:298:6:298:Infinity":88,"b:299:4:301:Infinity:undefined:undefined:undefined:undefined":27,"s:299:4:301:Infinity":89,"s:300:6:300:Infinity":90,"s:303:25:311:Infinity":91,"b:304:8:310:Infinity:311:8:311:Infinity":28,"b:314:4:355:Infinity:undefined:undefined:undefined:undefined":29,"s:314:4:355:Infinity":92,"s:315:6:354:Infinity":93,"f:333:17:333:24":22,"b:334:10:336:Infinity:undefined:undefined:undefined:undefined":30,"s:334:10:336:Infinity":94,"s:335:12:335:Infinity":95,"s:337:10:352:Infinity":96,"s:338:26:338:Infinity":97,"s:339:27:339:Infinity":98,"b:339:42:339:105:339:105:339:Infinity":31,"f:339:70:339:71":23,"s:339:77:339:85":99,"s:340:29:340:Infinity":100,"b:341:12:341:Infinity:undefined:undefined:undefined:undefined":32,"s:341:12:341:Infinity":101,"s:341:27:341:Infinity":102,"s:343:27:343:Infinity":103,"b:345:12:347:Infinity:undefined:undefined:undefined:undefined":33,"s:345:12:347:Infinity":104,"s:346:14:346:Infinity":105,"s:349:12:349:Infinity":106,"s:351:12:351:Infinity":107,"s:358:4:406:Infinity":108,"f:388:15:388:22":24,"b:389:8:391:Infinity:undefined:undefined:undefined:undefined":34,"s:389:8:391:Infinity":109,"s:390:10:390:Infinity":110,"s:392:8:404:Infinity":111,"s:393:23:393:Infinity":112,"b:395:10:401:Infinity:398:17:401:Infinity":35,"s:395:10:401:Infinity":113,"s:396:27:396:Infinity":114,"s:397:12:397:Infinity":115,"s:399:27:399:Infinity":116,"s:400:12:400:Infinity":117,"s:403:10:403:Infinity":118,"s:409:26:428:Infinity":119,"f:409:26:409:33":25,"b:410:6:412:Infinity:undefined:undefined:undefined:undefined":36,"s:410:6:412:Infinity":120,"s:411:8:411:Infinity":121,"s:413:6:427:Infinity":122,"s:414:25:414:Infinity":123,"b:415:8:415:Infinity:undefined:undefined:undefined:undefined":37,"s:415:8:415:Infinity":124,"s:415:23:415:Infinity":125,"s:416:21:416:Infinity":126,"s:418:23:418:Infinity":127,"b:420:8:422:Infinity:undefined:undefined:undefined:undefined":38,"s:420:8:422:Infinity":128,"s:421:10:421:Infinity":129,"s:424:8:424:Infinity":130,"s:426:8:426:Infinity":131,"s:430:33:437:Infinity":132,"b:439:4:504:Infinity:undefined:undefined:undefined:undefined":39,"s:439:4:504:Infinity":133,"s:441:6:450:Infinity":134,"s:453:6:462:Infinity":135,"s:465:6:503:Infinity":136,"f:484:17:484:24":26,"b:485:10:487:Infinity:undefined:undefined:undefined:undefined":40,"s:485:10:487:Infinity":137,"s:486:12:486:Infinity":138,"s:488:10:501:Infinity":139,"s:489:29:489:Infinity":140,"b:490:12:490:Infinity:undefined:undefined:undefined:undefined":41,"s:490:12:490:Infinity":141,"s:490:27:490:Infinity":142,"s:492:27:492:Infinity":143,"b:494:12:496:Infinity:undefined:undefined:undefined:undefined":42,"s:494:12:496:Infinity":144,"s:495:14:495:Infinity":145,"s:498:12:498:Infinity":146,"s:500:12:500:Infinity":147,"f:510:16:510:26":27,"s:511:2:513:Infinity":148,"b:512:4:512:Infinity:undefined:undefined:undefined:undefined":43,"s:512:4:512:Infinity":149,"s:512:39:512:Infinity":150,"s:514:2:514:Infinity":151}}}
,"/home/user/pg-crud-api/src/routes/schema.ts": {"path":"/home/user/pg-crud-api/src/routes/schema.ts","statementMap":{"0":{"start":{"line":15,"column":2},"end":{"line":91,"column":null}},"1":{"start":{"line":23,"column":6},"end":{"line":23,"column":null}},"2":{"start":{"line":31,"column":6},"end":{"line":31,"column":null}},"3":{"start":{"line":35,"column":6},"end":{"line":35,"column":null}},"4":{"start":{"line":40,"column":6},"end":{"line":40,"column":null}},"5":{"start":{"line":44,"column":6},"end":{"line":44,"column":null}},"6":{"start":{"line":46,"column":6},"end":{"line":46,"column":null}},"7":{"start":{"line":49,"column":6},"end":{"line":49,"column":null}},"8":{"start":{"line":52,"column":6},"end":{"line":52,"column":null}},"9":{"start":{"line":54,"column":6},"end":{"line":54,"column":null}},"10":{"start":{"line":60,"column":6},"end":{"line":60,"column":null}},"11":{"start":{"line":66,"column":6},"end":{"line":66,"column":null}},"12":{"start":{"line":70,"column":6},"end":{"line":70,"column":null}},"13":{"start":{"line":77,"column":6},"end":{"line":77,"column":null}},"14":{"start":{"line":81,"column":6},"end":{"line":81,"column":null}},"15":{"start":{"line":86,"column":6},"end":{"line":86,"column":null}},"16":{"start":{"line":90,"column":6},"end":{"line":90,"column":null}},"17":{"start":{"line":96,"column":25},"end":{"line":96,"column":null}},"18":{"start":{"line":99,"column":17},"end":{"line":99,"column":null}},"19":{"start":{"line":100,"column":15},"end":{"line":100,"column":null}},"20":{"start":{"line":102,"column":42},"end":{"line":107,"column":null}},"21":{"start":{"line":109,"column":2},"end":{"line":109,"column":null}},"22":{"start":{"line":109,"column":21},"end":{"line":109,"column":null}},"23":{"start":{"line":110,"column":2},"end":{"line":110,"column":null}},"24":{"start":{"line":110,"column":20},"end":{"line":110,"column":null}},"25":{"start":{"line":111,"column":2},"end":{"line":111,"column":null}},"26":{"start":{"line":111,"column":12},"end":{"line":111,"column":null}},"27":{"start":{"line":112,"column":2},"end":{"line":112,"column":null}},"28":{"start":{"line":112,"column":42},"end":{"line":112,"column":null}},"29":{"start":{"line":113,"column":2},"end":{"line":113,"column":null}},"30":{"start":{"line":113,"column":21},"end":{"line":113,"column":null}},"31":{"start":{"line":115,"column":2},"end":{"line":115,"column":null}},"32":{"start":{"line":119,"column":16},"end":{"line":119,"column":null}},"33":{"start":{"line":120,"column":21},"end":{"line":120,"column":null}},"34":{"start":{"line":121,"column":2},"end":{"line":121,"column":null}},"35":{"start":{"line":121,"column":13},"end":{"line":121,"column":null}},"36":{"start":{"line":123,"column":2},"end":{"line":143,"column":null}},"37":{"start":{"line":129,"column":40},"end":{"line":129,"column":68}},"38":{"start":{"line":131,"column":27},"end":{"line":133,"column":null}},"39":{"start":{"line":134,"column":6},"end":{"line":138,"column":null}},"40":{"start":{"line":141,"column":21},"end":{"line":141,"column":52}},"41":{"start":{"line":142,"column":18},"end":{"line":142,"column":24}},"42":{"start":{"line":147,"column":2},"end":{"line":179,"column":null}},"43":{"start":{"line":189,"column":14},"end":{"line":189,"column":null}},"44":{"start":{"line":190,"column":17},"end":{"line":192,"column":null}},"45":{"start":{"line":191,"column":4},"end":{"line":191,"column":null}},"46":{"start":{"line":195,"column":19},"end":{"line":195,"column":null}},"47":{"start":{"line":196,"column":2},"end":{"line":200,"column":null}},"48":{"start":{"line":198,"column":22},"end":{"line":198,"column":null}},"49":{"start":{"line":199,"column":4},"end":{"line":199,"column":null}},"50":{"start":{"line":202,"column":2},"end":{"line":208,"column":null}},"51":{"start":{"line":205,"column":23},"end":{"line":205,"column":null}},"52":{"start":{"line":205,"column":38},"end":{"line":205,"column":97}},"53":{"start":{"line":206,"column":6},"end":{"line":206,"column":null}},"54":{"start":{"line":210,"column":2},"end":{"line":220,"column":null}},"55":{"start":{"line":213,"column":35},"end":{"line":213,"column":null}},"56":{"start":{"line":214,"column":26},"end":{"line":214,"column":null}},"57":{"start":{"line":215,"column":6},"end":{"line":217,"column":null}},"58":{"start":{"line":216,"column":8},"end":{"line":216,"column":null}},"59":{"start":{"line":218,"column":6},"end":{"line":218,"column":null}}},"fnMap":{"0":{"name":"mapPgType","decl":{"start":{"line":14,"column":16},"end":{"line":14,"column":26}},"loc":{"start":{"line":14,"column":60},"end":{"line":92,"column":null}},"line":14},"1":{"name":"buildAgentColumn","decl":{"start":{"line":98,"column":16},"end":{"line":98,"column":33}},"loc":{"start":{"line":98,"column":68},"end":{"line":116,"column":null}},"line":98},"2":{"name":"buildAgentTable","decl":{"start":{"line":118,"column":16},"end":{"line":118,"column":32}},"loc":{"start":{"line":118,"column":85},"end":{"line":144,"column":null}},"line":118},"3":{"name":"(anonymous_3)","decl":{"start":{"line":129,"column":31},"end":{"line":129,"column":32}},"loc":{"start":{"line":129,"column":40},"end":{"line":129,"column":68}},"line":129},"4":{"name":"(anonymous_4)","decl":{"start":{"line":130,"column":39},"end":{"line":130,"column":40}},"loc":{"start":{"line":130,"column":47},"end":{"line":139,"column":5}},"line":130},"5":{"name":"(anonymous_5)","decl":{"start":{"line":141,"column":14},"end":{"line":141,"column":15}},"loc":{"start":{"line":141,"column":21},"end":{"line":141,"column":52}},"line":141},"6":{"name":"(anonymous_6)","decl":{"start":{"line":142,"column":11},"end":{"line":142,"column":12}},"loc":{"start":{"line":142,"column":18},"end":{"line":142,"column":24}},"line":142},"7":{"name":"buildApiInfo","decl":{"start":{"line":146,"column":16},"end":{"line":146,"column":31}},"loc":{"start":{"line":146,"column":31},"end":{"line":180,"column":null}},"line":146},"8":{"name":"registerSchemaRoutes","decl":{"start":{"line":184,"column":22},"end":{"line":184,"column":null}},"loc":{"start":{"line":187,"column":17},"end":{"line":221,"column":null}},"line":187},"9":{"name":"(anonymous_9)","decl":{"start":{"line":190,"column":58},"end":{"line":190,"column":59}},"loc":{"start":{"line":191,"column":4},"end":{"line":191,"column":null}},"line":191},"10":{"name":"(anonymous_10)","decl":{"start":{"line":204,"column":13},"end":{"line":204,"column":20}},"loc":{"start":{"line":204,"column":32},"end":{"line":207,"column":null}},"line":204},"11":{"name":"(anonymous_11)","decl":{"start":{"line":205,"column":37},"end":{"line":205,"column":38}},"loc":{"start":{"line":205,"column":38},"end":{"line":205,"column":97}},"line":205},"12":{"name":"(anonymous_12)","decl":{"start":{"line":212,"column":13},"end":{"line":212,"column":20}},"loc":{"start":{"line":212,"column":39},"end":{"line":219,"column":null}},"line":212}},"branchMap":{"0":{"loc":{"start":{"line":15,"column":2},"end":{"line":91,"column":null}},"type":"switch","locations":[{"start":{"line":17,"column":4},"end":{"line":17,"column":null}},{"start":{"line":18,"column":4},"end":{"line":18,"column":null}},{"start":{"line":19,"column":4},"end":{"line":19,"column":null}},{"start":{"line":20,"column":4},"end":{"line":20,"column":null}},{"start":{"line":21,"column":4},"end":{"line":21,"column":null}},{"start":{"line":22,"column":4},"end":{"line":23,"column":null}},{"start":{"line":26,"column":4},"end":{"line":26,"column":null}},{"start":{"line":27,"column":4},"end":{"line":27,"column":null}},{"start":{"line":28,"column":4},"end":{"line":28,"column":null}},{"start":{"line":29,"column":4},"end":{"line":29,"column":null}},{"start":{"line":30,"column":4},"end":{"line":31,"column":null}},{"start":{"line":34,"column":4},"end":{"line":35,"column":null}},{"start":{"line":38,"column":4},"end":{"line":38,"column":null}},{"start":{"line":39,"column":4},"end":{"line":40,"column":null}},{"start":{"line":43,"column":4},"end":{"line":44,"column":null}},{"start":{"line":45,"column":4},"end":{"line":46,"column":null}},{"start":{"line":47,"column":4},"end":{"line":47,"column":null}},{"start":{"line":48,"column":4},"end":{"line":49,"column":null}},{"start":{"line":50,"column":4},"end":{"line":50,"column":null}},{"start":{"line":51,"column":4},"end":{"line":52,"column":null}},{"start":{"line":53,"column":4},"end":{"line":54,"column":null}},{"start":{"line":57,"column":4},"end":{"line":57,"column":null}},{"start":{"line":58,"column":4},"end":{"line":58,"column":null}},{"start":{"line":59,"column":4},"end":{"line":60,"column":null}},{"start":{"line":63,"column":4},"end":{"line":63,"column":null}},{"start":{"line":64,"column":4},"end":{"line":64,"column":null}},{"start":{"line":65,"column":4},"end":{"line":66,"column":null}},{"start":{"line":69,"column":4},"end":{"line":70,"column":null}},{"start":{"line":73,"column":4},"end":{"line":73,"column":null}},{"start":{"line":74,"column":4},"end":{"line":74,"column":null}},{"start":{"line":75,"column":4},"end":{"line":75,"column":null}},{"start":{"line":76,"column":4},"end":{"line":77,"column":null}},{"start":{"line":80,"column":4},"end":{"line":81,"column":null}},{"start":{"line":84,"column":4},"end":{"line":84,"column":null}},{"start":{"line":85,"column":4},"end":{"line":86,"column":null}},{"start":{"line":89,"column":4},"end":{"line":90,"column":null}}],"line":15},"1":{"loc":{"start":{"line":109,"column":2},"end":{"line":109,"column":null}},"type":"if","locations":[{"start":{"line":109,"column":2},"end":{"line":109,"column":null}},{"start":{},"end":{}}],"line":109},"2":{"loc":{"start":{"line":110,"column":2},"end":{"line":110,"column":null}},"type":"if","locations":[{"start":{"line":110,"column":2},"end":{"line":110,"column":null}},{"start":{},"end":{}}],"line":110},"3":{"loc":{"start":{"line":111,"column":2},"end":{"line":111,"column":null}},"type":"if","locations":[{"start":{"line":111,"column":2},"end":{"line":111,"column":null}},{"start":{},"end":{}}],"line":111},"4":{"loc":{"start":{"line":112,"column":2},"end":{"line":112,"column":null}},"type":"if","locations":[{"start":{"line":112,"column":2},"end":{"line":112,"column":null}},{"start":{},"end":{}}],"line":112},"5":{"loc":{"start":{"line":112,"column":6},"end":{"line":112,"column":42}},"type":"binary-expr","locations":[{"start":{"line":112,"column":6},"end":{"line":112,"column":25}},{"start":{"line":112,"column":25},"end":{"line":112,"column":42}}],"line":112},"6":{"loc":{"start":{"line":113,"column":2},"end":{"line":113,"column":null}},"type":"if","locations":[{"start":{"line":113,"column":2},"end":{"line":113,"column":null}},{"start":{},"end":{}}],"line":113},"7":{"loc":{"start":{"line":121,"column":2},"end":{"line":121,"column":null}},"type":"if","locations":[{"start":{"line":121,"column":2},"end":{"line":121,"column":null}},{"start":{},"end":{}}],"line":121},"8":{"loc":{"start":{"line":131,"column":27},"end":{"line":133,"column":null}},"type":"cond-expr","locations":[{"start":{"line":132,"column":10},"end":{"line":132,"column":null}},{"start":{"line":133,"column":10},"end":{"line":133,"column":null}}],"line":131},"9":{"loc":{"start":{"line":151,"column":15},"end":{"line":151,"column":null}},"type":"cond-expr","locations":[{"start":{"line":151,"column":39},"end":{"line":151,"column":65}},{"start":{"line":151,"column":65},"end":{"line":151,"column":null}}],"line":151},"10":{"loc":{"start":{"line":215,"column":6},"end":{"line":217,"column":null}},"type":"if","locations":[{"start":{"line":215,"column":6},"end":{"line":217,"column":null}},{"start":{},"end":{}}],"line":215},"11":{"loc":{"start":{"line":215,"column":10},"end":{"line":215,"column":92}},"type":"binary-expr","locations":[{"start":{"line":215,"column":10},"end":{"line":215,"column":26}},{"start":{"line":215,"column":26},"end":{"line":215,"column":92}}],"line":215}},"s":{"0":196,"1":57,"2":14,"3":24,"4":6,"5":2,"6":1,"7":12,"8":2,"9":1,"10":4,"11":3,"12":1,"13":4,"14":1,"15":2,"16":62,"17":7,"18":160,"19":160,"20":160,"21":160,"22":11,"23":160,"24":1,"25":160,"26":47,"27":160,"28":84,"29":160,"30":56,"31":160,"32":42,"33":42,"34":42,"35":38,"36":42,"37":151,"38":10,"39":10,"40":151,"41":58,"42":25,"43":17,"44":17,"45":24,"46":17,"47":17,"48":24,"49":24,"50":17,"51":5,"52":10,"53":5,"54":17,"55":5,"56":5,"57":5,"58":2,"59":3},"f":{"0":196,"1":160,"2":42,"3":151,"4":10,"5":151,"6":58,"7":25,"8":17,"9":24,"10":5,"11":10,"12":5},"b":{"0":[1,53,54,55,56,57,1,2,12,13,14,24,1,6,2,1,1,12,1,2,1,1,3,4,1,2,3,1,1,2,3,4,1,1,2,62],"1":[11,149],"2":[1,159],"3":[47,113],"4":[84,76],"5":[160,132],"6":[56,104],"7":[38,4],"8":[9,1],"9":[5,20],"10":[2,3],"11":[5,4]},"meta":{"lastBranch":12,"lastFunction":13,"lastStatement":60,"seen":{"f:14:16:14:26":0,"b:17:4:17:Infinity:18:4:18:Infinity:19:4:19:Infinity:20:4:20:Infinity:21:4:21:Infinity:22:4:23:Infinity:26:4:26:Infinity:27:4:27:Infinity:28:4:28:Infinity:29:4:29:Infinity:30:4:31:Infinity:34:4:35:Infinity:38:4:38:Infinity:39:4:40:Infinity:43:4:44:Infinity:45:4:46:Infinity:47:4:47:Infinity:48:4:49:Infinity:50:4:50:Infinity:51:4:52:Infinity:53:4:54:Infinity:57:4:57:Infinity:58:4:58:Infinity:59:4:60:Infinity:63:4:63:Infinity:64:4:64:Infinity:65:4:66:Infinity:69:4:70:Infinity:73:4:73:Infinity:74:4:74:Infinity:75:4:75:Infinity:76:4:77:Infinity:80:4:81:Infinity:84:4:84:Infinity:85:4:86:Infinity:89:4:90:Infinity":0,"s:15:2:91:Infinity":0,"s:23:6:23:Infinity":1,"s:31:6:31:Infinity":2,"s:35:6:35:Infinity":3,"s:40:6:40:Infinity":4,"s:44:6:44:Infinity":5,"s:46:6:46:Infinity":6,"s:49:6:49:Infinity":7,"s:52:6:52:Infinity":8,"s:54:6:54:Infinity":9,"s:60:6:60:Infinity":10,"s:66:6:66:Infinity":11,"s:70:6:70:Infinity":12,"s:77:6:77:Infinity":13,"s:81:6:81:Infinity":14,"s:86:6:86:Infinity":15,"s:90:6:90:Infinity":16,"s:96:25:96:Infinity":17,"f:98:16:98:33":1,"s:99:17:99:Infinity":18,"s:100:15:100:Infinity":19,"s:102:42:107:Infinity":20,"b:109:2:109:Infinity:undefined:undefined:undefined:undefined":1,"s:109:2:109:Infinity":21,"s:109:21:109:Infinity":22,"b:110:2:110:Infinity:undefined:undefined:undefined:undefined":2,"s:110:2:110:Infinity":23,"s:110:20:110:Infinity":24,"b:111:2:111:Infinity:undefined:undefined:undefined:undefined":3,"s:111:2:111:Infinity":25,"s:111:12:111:Infinity":26,"b:112:2:112:Infinity:undefined:undefined:undefined:undefined":4,"s:112:2:112:Infinity":27,"b:112:6:112:25:112:25:112:42":5,"s:112:42:112:Infinity":28,"b:113:2:113:Infinity:undefined:undefined:undefined:undefined":6,"s:113:2:113:Infinity":29,"s:113:21:113:Infinity":30,"s:115:2:115:Infinity":31,"f:118:16:118:32":2,"s:119:16:119:Infinity":32,"s:120:21:120:Infinity":33,"b:121:2:121:Infinity:undefined:undefined:undefined:undefined":7,"s:121:2:121:Infinity":34,"s:121:13:121:Infinity":35,"s:123:2:143:Infinity":36,"f:129:31:129:32":3,"s:129:40:129:68":37,"f:130:39:130:40":4,"s:131:27:133:Infinity":38,"b:132:10:132:Infinity:133:10:133:Infinity":8,"s:134:6:138:Infinity":39,"f:141:14:141:15":5,"s:141:21:141:52":40,"f:142:11:142:12":6,"s:142:18:142:24":41,"f:146:16:146:31":7,"s:147:2:179:Infinity":42,"b:151:39:151:65:151:65:151:Infinity":9,"f:184:22:184:Infinity":8,"s:189:14:189:Infinity":43,"s:190:17:192:Infinity":44,"f:190:58:190:59":9,"s:191:4:191:Infinity":45,"s:195:19:195:Infinity":46,"s:196:2:200:Infinity":47,"s:198:22:198:Infinity":48,"s:199:4:199:Infinity":49,"s:202:2:208:Infinity":50,"f:204:13:204:20":10,"s:205:23:205:Infinity":51,"f:205:37:205:38":11,"s:205:38:205:97":52,"s:206:6:206:Infinity":53,"s:210:2:220:Infinity":54,"f:212:13:212:20":12,"s:213:35:213:Infinity":55,"s:214:26:214:Infinity":56,"b:215:6:217:Infinity:undefined:undefined:undefined:undefined":10,"s:215:6:217:Infinity":57,"b:215:10:215:26:215:26:215:92":11,"s:216:8:216:Infinity":58,"s:218:6:218:Infinity":59}}}
}
