TN:
SF:src/config.ts
FN:22,parseList
FN:24,(anonymous_1)
FN:27,parseIntOrDefault
FN:33,parseCorsOrigins
FNF:4
FNH:4
FNDA:10,parseList
FNDA:10,(anonymous_1)
FNDA:12,parseIntOrDefault
FNDA:7,parseCorsOrigins
DA:2,1
DA:23,10
DA:24,10
DA:28,12
DA:29,8
DA:30,8
DA:34,7
DA:35,4
DA:36,3
DA:37,2
DA:40,1
DA:60,1
LF:12
LH:12
BRDA:23,0,0,6
BRDA:23,0,1,4
BRDA:23,1,0,10
BRDA:23,1,1,5
BRDA:28,2,0,4
BRDA:28,2,1,8
BRDA:30,3,0,1
BRDA:30,3,1,7
BRDA:34,4,0,3
BRDA:34,4,1,4
BRDA:34,5,0,1
BRDA:34,5,1,2
BRDA:35,6,0,1
BRDA:35,6,1,3
BRDA:36,7,0,1
BRDA:36,7,1,2
BRDA:41,8,0,1
BRDA:41,8,1,0
BRDA:43,9,0,1
BRDA:43,9,1,0
BRDA:52,10,0,1
BRDA:52,10,1,0
BRF:22
BRH:19
end_of_record
TN:
SF:src/auth/api-key.ts
FN:15,isPublicPath
FN:18,(anonymous_1)
FN:21,generateApiKey
FN:29,verifyApiKey
FN:63,extractApiKey
FN:77,registerAuthHook
FN:78,(anonymous_6)
FNF:7
FNH:7
FNDA:8,isPublicPath
FNDA:15,(anonymous_1)
FNDA:23,generateApiKey
FNDA:16,verifyApiKey
FNDA:5,extractApiKey
FNDA:1,registerAuthHook
FNDA:8,(anonymous_6)
DA:10,6
DA:11,6
DA:13,6
DA:17,8
DA:18,15
DA:22,23
DA:23,4
DA:25,19
DA:26,19
DA:30,16
DA:31,2
DA:34,14
DA:35,14
DA:36,14
DA:37,2
DA:40,12
DA:41,12
DA:43,12
DA:44,1
DA:47,11
DA:49,11
DA:50,11
DA:52,11
DA:53,2
DA:56,9
DA:57,2
DA:60,7
DA:64,5
DA:65,5
DA:66,3
DA:69,2
DA:70,2
DA:71,1
DA:74,1
DA:78,1
DA:79,8
DA:80,3
DA:83,5
DA:84,5
DA:85,2
DA:89,2
DA:92,3
DA:93,3
DA:94,1
DA:98,1
DA:101,2
LF:46
LH:46
BRDA:18,0,0,15
BRDA:18,0,1,13
BRDA:22,1,0,4
BRDA:22,1,1,19
BRDA:30,2,0,2
BRDA:30,2,1,14
BRDA:36,3,0,2
BRDA:36,3,1,12
BRDA:43,4,0,1
BRDA:43,4,1,11
BRDA:43,5,0,12
BRDA:43,5,1,11
BRDA:52,6,0,2
BRDA:52,6,1,9
BRDA:56,7,0,2
BRDA:56,7,1,7
BRDA:65,8,0,3
BRDA:65,8,1,2
BRDA:70,9,0,1
BRDA:70,9,1,1
BRDA:70,10,0,2
BRDA:70,10,1,1
BRDA:79,11,0,3
BRDA:79,11,1,5
BRDA:84,12,0,2
BRDA:84,12,1,3
BRDA:93,13,0,1
BRDA:93,13,1,2
BRF:28
BRH:28
end_of_record
TN:
SF:src/db/introspector.ts
FN:109,makeFqn
FN:113,resolveTargetSchemas
FN:117,(anonymous_2)
FN:122,(anonymous_3)
FN:132,buildTableMap
FN:174,attachPrimaryKeys
FN:181,attachForeignKeys
FN:194,warnTableIssues
FN:210,introspectDatabase
FN:212,(anonymous_9)
FNF:10
FNH:10
FNDA:41,makeFqn
FNDA:23,resolveTargetSchemas
FNDA:3,(anonymous_2)
FNDA:29,(anonymous_3)
FNDA:21,buildTableMap
FNDA:21,attachPrimaryKeys
FNDA:21,attachForeignKeys
FNDA:21,warnTableIssues
FNDA:23,introspectDatabase
FNDA:31,(anonymous_9)
DA:44,1
DA:63,1
DA:78,1
DA:99,1
DA:110,41
DA:114,23
DA:116,23
DA:117,3
DA:120,23
DA:121,23
DA:122,29
DA:125,23
DA:126,2
DA:129,21
DA:133,21
DA:134,21
DA:136,21
DA:137,26
DA:138,26
DA:140,26
DA:142,25
DA:144,22
DA:148,22
DA:159,25
DA:171,21
DA:175,21
DA:176,8
DA:177,8
DA:182,21
DA:183,4
DA:184,4
DA:195,21
DA:196,22
DA:197,16
DA:199,22
DA:200,3
DA:201,3
DA:202,2
DA:211,23
DA:212,31
DA:214,23
DA:216,23
DA:222,21
DA:223,21
DA:224,21
DA:225,21
DA:227,21
DA:228,21
LF:48
LH:48
BRDA:116,0,0,2
BRDA:116,0,1,21
BRDA:122,1,0,29
BRDA:122,1,1,24
BRDA:122,1,2,23
BRDA:125,2,0,2
BRDA:125,2,1,21
BRDA:140,3,0,1
BRDA:140,3,1,25
BRDA:142,4,0,22
BRDA:142,4,1,3
BRDA:144,5,0,20
BRDA:144,5,1,2
BRDA:196,6,0,16
BRDA:196,6,1,6
BRDA:201,7,0,2
BRDA:201,7,1,1
BRF:17
BRH:17
end_of_record
TN:
SF:src/db/query-builder.ts
FN:37,quoteIdent
FN:41,escapeLike
FN:45,isValidColumn
FN:46,(anonymous_3)
FN:49,getColumnNames
FN:51,(anonymous_5)
FN:57,(anonymous_6)
FN:79,buildWhereClauses
FN:96,(anonymous_8)
FN:108,(anonymous_9)
FN:109,(anonymous_10)
FN:126,buildSelectQuery
FN:151,buildCountQuery
FN:157,validateFilterColumn
FN:161,(anonymous_14)
FN:166,parseOperatorAndValue
FN:176,coerceFilterValue
FN:190,parseFiltersFromObject
FN:203,buildSelectByPkQuery
FN:224,buildInsertQuery
FN:228,(anonymous_20)
FN:233,(anonymous_21)
FN:234,(anonymous_22)
FN:235,(anonymous_23)
FN:243,buildBulkInsertQuery
FN:256,(anonymous_25)
FN:271,(anonymous_26)
FN:284,buildUpdateQuery
FN:291,(anonymous_28)
FN:301,(anonymous_29)
FN:306,(anonymous_30)
FN:317,buildDeleteQuery
FN:324,(anonymous_32)
FN:335,pgTypeToJsonSchema
FNF:34
FNH:34
FNDA:145,quoteIdent
FNDA:11,escapeLike
FNDA:51,isValidColumn
FNDA:123,(anonymous_3)
FNDA:49,getColumnNames
FNDA:7,(anonymous_5)
FNDA:4,(anonymous_6)
FNDA:55,buildWhereClauses
FNDA:3,(anonymous_8)
FNDA:16,(anonymous_9)
FNDA:16,(anonymous_10)
FNDA:42,buildSelectQuery
FNDA:14,buildCountQuery
FNDA:24,validateFilterColumn
FNDA:8,(anonymous_14)
FNDA:22,parseOperatorAndValue
FNDA:22,coerceFilterValue
FNDA:23,parseFiltersFromObject
FNDA:7,buildSelectByPkQuery
FNDA:8,buildInsertQuery
FNDA:31,(anonymous_20)
FNDA:14,(anonymous_21)
FNDA:14,(anonymous_22)
FNDA:14,(anonymous_23)
FNDA:6,buildBulkInsertQuery
FNDA:29,(anonymous_25)
FNDA:12,(anonymous_26)
FNDA:11,buildUpdateQuery
FNDA:43,(anonymous_28)
FNDA:18,(anonymous_29)
FNDA:11,(anonymous_30)
FNDA:5,buildDeleteQuery
FNDA:6,(anonymous_32)
FNDA:268,pgTypeToJsonSchema
DA:24,8
DA:38,145
DA:42,11
DA:46,123
DA:50,49
DA:51,7
DA:52,4
DA:53,3
DA:55,1
DA:57,4
DA:60,45
DA:84,55
DA:85,55
DA:86,55
DA:89,55
DA:90,55
DA:91,21
DA:93,21
DA:94,2
DA:95,19
DA:96,3
DA:97,1
DA:98,1
DA:100,18
DA:101,18
DA:106,52
DA:107,11
DA:108,16
DA:109,16
DA:110,11
DA:111,11
DA:112,11
DA:113,11
DA:117,52
DA:121,55
DA:127,42
DA:128,42
DA:129,42
DA:131,42
DA:132,42
DA:133,42
DA:134,42
DA:136,42
DA:139,42
DA:140,42
DA:141,38
DA:142,38
DA:145,38
DA:146,38
DA:148,38
DA:152,14
DA:153,14
DA:154,14
DA:158,24
DA:159,2
DA:161,8
DA:167,22
DA:168,22
DA:170,21
DA:171,21
DA:173,21
DA:177,22
DA:178,2
DA:180,20
DA:181,2
DA:182,2
DA:183,1
DA:185,1
DA:187,18
DA:191,23
DA:192,23
DA:193,24
DA:194,24
DA:195,24
DA:196,24
DA:198,20
DA:208,7
DA:209,7
DA:210,7
DA:211,7
DA:213,7
DA:214,9
DA:215,9
DA:218,7
DA:219,7
DA:228,31
DA:229,8
DA:230,1
DA:233,14
DA:234,14
DA:235,14
DA:237,7
DA:238,7
DA:247,6
DA:248,5
DA:249,1
DA:253,4
DA:254,4
DA:255,7
DA:256,29
DA:257,10
DA:262,4
DA:263,4
DA:265,3
DA:266,3
DA:267,3
DA:268,3
DA:270,3
DA:271,6
DA:272,12
DA:273,12
DA:275,6
DA:278,3
DA:279,3
DA:290,11
DA:291,43
DA:294,11
DA:295,1
DA:298,10
DA:299,10
DA:301,10
DA:302,18
DA:303,18
DA:306,10
DA:307,11
DA:308,11
DA:311,10
DA:312,10
DA:321,5
DA:322,5
DA:324,5
DA:325,6
DA:326,6
DA:329,5
DA:330,5
DA:336,268
DA:338,268
DA:341,1
DA:342,1
DA:343,1
DA:344,1
DA:347,35
DA:348,35
DA:349,35
DA:350,35
DA:354,3
DA:355,3
DA:363,5
DA:364,5
DA:368,51
DA:369,51
DA:374,11
DA:378,1
DA:379,1
DA:380,1
DA:382,1
DA:383,1
DA:384,1
DA:387,30
DA:388,30
DA:389,30
DA:392,2
DA:393,2
DA:394,2
DA:396,1
DA:397,1
DA:398,1
DA:401,2
DA:402,2
DA:408,3
DA:409,3
DA:410,3
DA:416,3
DA:417,3
DA:418,3
DA:422,1
DA:423,1
DA:424,1
DA:431,4
DA:432,4
DA:433,4
DA:437,1
DA:438,1
DA:439,1
DA:444,2
DA:445,2
DA:446,2
DA:450,111
DA:453,268
DA:454,101
DA:458,268
DA:459,51
DA:462,268
LF:193
LH:193
BRDA:50,0,0,4
BRDA:50,0,1,45
BRDA:50,1,0,49
BRDA:50,1,1,4
BRDA:52,2,0,3
BRDA:52,2,1,1
BRDA:82,3,0,55
BRDA:89,4,0,23
BRDA:89,4,1,32
BRDA:91,5,0,21
BRDA:91,5,1,0
BRDA:93,6,0,2
BRDA:93,6,1,19
BRDA:94,7,0,1
BRDA:94,7,1,1
BRDA:95,8,0,1
BRDA:95,8,1,18
BRDA:95,9,0,19
BRDA:95,9,1,1
BRDA:106,10,0,11
BRDA:106,10,1,41
BRDA:106,11,0,52
BRDA:106,11,1,11
BRDA:106,11,2,11
BRDA:110,12,0,11
BRDA:110,12,1,0
BRDA:117,13,0,28
BRDA:117,13,1,24
BRDA:127,14,0,42
BRDA:127,14,1,29
BRDA:128,15,0,42
BRDA:128,15,1,28
BRDA:139,16,0,3
BRDA:139,16,1,35
BRDA:139,17,0,42
BRDA:139,17,1,4
BRDA:139,18,0,35
BRDA:139,18,1,1
BRDA:140,19,0,38
BRDA:140,19,1,4
BRDA:141,20,0,2
BRDA:141,20,1,36
BRDA:158,21,0,2
BRDA:158,21,1,22
BRDA:168,22,0,1
BRDA:168,22,1,21
BRDA:171,23,0,0
BRDA:171,23,1,21
BRDA:177,24,0,2
BRDA:177,24,1,20
BRDA:178,25,0,1
BRDA:178,25,1,1
BRDA:180,26,0,2
BRDA:180,26,1,18
BRDA:182,27,0,1
BRDA:182,27,1,1
BRDA:229,28,0,1
BRDA:229,28,1,7
BRDA:247,29,0,1
BRDA:247,29,1,5
BRDA:248,30,0,1
BRDA:248,30,1,4
BRDA:256,31,0,10
BRDA:256,31,1,1
BRDA:263,32,0,1
BRDA:263,32,1,3
BRDA:272,33,0,12
BRDA:272,33,1,2
BRDA:291,34,0,43
BRDA:291,34,1,20
BRDA:294,35,0,1
BRDA:294,35,1,10
BRDA:338,36,0,1
BRDA:338,36,1,34
BRDA:338,36,2,35
BRDA:338,36,3,1
BRDA:338,36,4,2
BRDA:338,36,5,3
BRDA:338,36,6,1
BRDA:338,36,7,2
BRDA:338,36,8,3
BRDA:338,36,9,4
BRDA:338,36,10,5
BRDA:338,36,11,51
BRDA:338,36,12,1
BRDA:338,36,13,11
BRDA:338,36,14,1
BRDA:338,36,15,1
BRDA:338,36,16,1
BRDA:338,36,17,30
BRDA:338,36,18,1
BRDA:338,36,19,2
BRDA:338,36,20,1
BRDA:338,36,21,1
BRDA:338,36,22,2
BRDA:338,36,23,1
BRDA:338,36,24,2
BRDA:338,36,25,3
BRDA:338,36,26,1
BRDA:338,36,27,2
BRDA:338,36,28,3
BRDA:338,36,29,1
BRDA:338,36,30,1
BRDA:338,36,31,2
BRDA:338,36,32,3
BRDA:338,36,33,4
BRDA:338,36,34,1
BRDA:338,36,35,1
BRDA:338,36,36,2
BRDA:338,36,37,111
BRDA:453,37,0,101
BRDA:453,37,1,167
BRDA:458,38,0,51
BRDA:458,38,1,217
BRDA:458,39,0,268
BRDA:458,39,1,60
BRF:116
BRH:113
end_of_record
TN:
SF:src/errors/pg-errors.ts
FN:18,handleDbError
FNF:1
FNH:1
FNDA:16,handleDbError
DA:11,7
DA:19,16
DA:21,16
DA:22,16
DA:23,12
DA:24,12
DA:34,4
DA:35,4
LF:8
LH:8
BRDA:21,0,0,15
BRDA:21,0,1,1
BRDA:22,1,0,12
BRDA:22,1,1,4
BRDA:27,2,0,1
BRDA:27,2,1,11
BRDA:28,3,0,1
BRDA:28,3,1,0
BRDA:29,4,0,1
BRDA:29,4,1,0
BRF:10
BRH:8
end_of_record
TN:
SF:src/routes/crud.ts
FN:20,buildPkParams
FN:28,(anonymous_1)
FN:31,(anonymous_2)
FN:39,buildJsonSchemaForTable
FN:66,errorSchema
FN:91,handleRouteError
FN:101,registerCrudRoutes
FN:107,(anonymous_7)
FN:108,(anonymous_8)
FN:114,(anonymous_9)
FN:123,(anonymous_10)
FN:135,(anonymous_11)
FN:170,(anonymous_12)
FN:199,(anonymous_13)
FN:216,(anonymous_14)
FN:219,(anonymous_15)
FN:220,(anonymous_16)
FN:220,(anonymous_17)
FN:284,(anonymous_18)
FN:288,(anonymous_19)
FN:341,(anonymous_20)
FN:374,(anonymous_21)
FN:414,(anonymous_22)
FN:458,(anonymous_23)
FN:487,findTable
FNF:25
FNH:24
FNDA:22,buildPkParams
FNDA:6,(anonymous_1)
FNDA:4,(anonymous_2)
FNDA:78,buildJsonSchemaForTable
FNDA:265,errorSchema
FNDA:7,handleRouteError
FNDA:11,registerCrudRoutes
FNDA:3,(anonymous_7)
FNDA:6,(anonymous_8)
FNDA:3,(anonymous_9)
FNDA:3,(anonymous_10)
FNDA:8,(anonymous_11)
FNDA:61,(anonymous_12)
FNDA:11,(anonymous_13)
FNDA:2,(anonymous_14)
FNDA:1,(anonymous_15)
FNDA:39,(anonymous_16)
FNDA:19,(anonymous_17)
FNDA:5,(anonymous_18)
FNDA:0,(anonymous_19)
FNDA:5,(anonymous_20)
FNDA:4,(anonymous_21)
FNDA:4,(anonymous_22)
FNDA:4,(anonymous_23)
FNDA:6,findTable
DA:21,22
DA:23,22
DA:24,13
DA:27,9
DA:28,9
DA:29,7
DA:31,2
DA:32,4
DA:36,15
DA:40,78
DA:41,78
DA:43,78
DA:44,284
DA:46,284
DA:47,271
DA:49,225
DA:51,225
DA:52,38
DA:55,225
DA:56,50
DA:60,78
DA:61,78
DA:62,78
DA:63,78
DA:67,265
DA:93,7
DA:94,1
DA:96,6
DA:107,11
DA:108,6
DA:114,3
DA:119,3
DA:123,11
DA:124,3
DA:125,3
DA:127,3
DA:128,1
DA:131,2
DA:135,8
DA:149,11
DA:150,17
DA:151,17
DA:153,17
DA:155,17
DA:156,17
DA:157,17
DA:158,17
DA:161,17
DA:170,61
DA:200,11
DA:201,11
DA:204,11
DA:205,11
DA:206,30
DA:207,2
DA:211,11
DA:216,2
DA:219,1
DA:220,39
DA:224,11
DA:229,10
DA:230,10
DA:232,11
DA:242,1
DA:249,17
DA:250,5
DA:251,12
DA:252,10
DA:255,17
DA:266,17
DA:267,15
DA:285,5
DA:286,5
DA:287,5
DA:288,5
DA:289,5
DA:290,5
DA:291,1
DA:297,4
DA:299,3
DA:300,1
DA:303,2
DA:305,1
DA:312,17
DA:342,5
DA:343,5
DA:345,5
DA:346,1
DA:347,1
DA:349,4
DA:350,2
DA:353,2
DA:359,17
DA:360,15
DA:375,4
DA:376,4
DA:377,4
DA:378,4
DA:379,1
DA:384,3
DA:386,3
DA:388,2
DA:389,1
DA:392,1
DA:394,1
DA:400,15
DA:415,4
DA:416,4
DA:417,4
DA:418,4
DA:419,1
DA:424,3
DA:426,3
DA:428,2
DA:429,1
DA:432,1
DA:434,1
DA:440,15
DA:459,4
DA:460,4
DA:461,4
DA:462,4
DA:463,1
DA:469,3
DA:471,2
DA:472,1
DA:475,1
DA:477,1
DA:488,6
DA:489,9
DA:491,2
LF:131
LH:131
BRDA:23,0,0,13
BRDA:23,0,1,9
BRDA:28,1,0,7
BRDA:28,1,1,2
BRDA:28,2,0,9
BRDA:28,2,1,3
BRDA:46,3,0,13
BRDA:46,3,1,271
BRDA:46,4,0,284
BRDA:46,4,1,73
BRDA:46,4,2,23
BRDA:47,5,0,46
BRDA:47,5,1,225
BRDA:47,6,0,271
BRDA:47,6,1,198
BRDA:47,6,2,146
BRDA:51,7,0,38
BRDA:51,7,1,187
BRDA:51,8,0,225
BRDA:51,8,1,60
BRDA:51,8,2,45
BRDA:55,9,0,50
BRDA:55,9,1,175
BRDA:61,10,0,40
BRDA:61,10,1,38
BRDA:62,11,0,60
BRDA:62,11,1,18
BRDA:62,12,0,78
BRDA:62,12,1,58
BRDA:62,12,2,38
BRDA:93,13,0,1
BRDA:93,13,1,6
BRDA:93,14,0,7
BRDA:93,14,1,7
BRDA:127,15,0,1
BRDA:127,15,1,2
BRDA:151,16,0,17
BRDA:151,16,1,0
BRDA:206,17,0,2
BRDA:206,17,1,28
BRDA:212,18,0,11
BRDA:212,18,1,0
BRDA:213,19,0,11
BRDA:213,19,1,0
BRDA:216,20,0,1
BRDA:216,20,1,10
BRDA:218,21,0,1
BRDA:218,21,1,10
BRDA:221,22,0,2
BRDA:221,22,1,9
BRDA:230,23,0,10
BRDA:230,23,1,0
BRDA:235,24,0,11
BRDA:235,24,1,0
BRDA:249,25,0,5
BRDA:249,25,1,12
BRDA:251,26,0,10
BRDA:251,26,1,2
BRDA:255,27,0,15
BRDA:255,27,1,2
BRDA:266,28,0,15
BRDA:266,28,1,2
BRDA:288,29,0,0
BRDA:288,29,1,5
BRDA:290,30,0,1
BRDA:290,30,1,4
BRDA:299,31,0,1
BRDA:299,31,1,2
BRDA:345,32,0,1
BRDA:345,32,1,4
BRDA:359,33,0,15
BRDA:359,33,1,2
BRDA:378,34,0,1
BRDA:378,34,1,3
BRDA:388,35,0,1
BRDA:388,35,1,1
BRDA:418,36,0,1
BRDA:418,36,1,3
BRDA:428,37,0,1
BRDA:428,37,1,1
BRDA:462,38,0,1
BRDA:462,38,1,3
BRDA:471,39,0,1
BRDA:471,39,1,1
BRDA:489,40,0,4
BRDA:489,40,1,5
BRF:86
BRH:80
end_of_record
TN:
SF:src/routes/schema.ts
FN:13,mapPgType
FN:97,buildAgentColumn
FN:117,buildAgentTable
FN:128,(anonymous_3)
FN:129,(anonymous_4)
FN:140,(anonymous_5)
FN:141,(anonymous_6)
FN:145,buildApiInfo
FN:183,registerSchemaRoutes
FN:189,(anonymous_9)
FN:204,(anonymous_10)
FN:209,(anonymous_11)
FNF:12
FNH:12
FNDA:136,mapPgType
FNDA:100,buildAgentColumn
FNDA:25,buildAgentTable
FNDA:91,(anonymous_3)
FNDA:6,(anonymous_4)
FNDA:91,(anonymous_5)
FNDA:35,(anonymous_6)
FNDA:17,buildApiInfo
FNDA:11,registerSchemaRoutes
FNDA:17,(anonymous_9)
FNDA:4,(anonymous_10)
FNDA:3,(anonymous_11)
DA:14,136
DA:22,37
DA:30,7
DA:34,17
DA:39,5
DA:43,2
DA:45,1
DA:48,10
DA:51,2
DA:53,1
DA:59,4
DA:65,3
DA:69,1
DA:76,4
DA:80,1
DA:85,2
DA:89,39
DA:95,6
DA:98,100
DA:99,100
DA:101,100
DA:108,100
DA:109,100
DA:110,100
DA:111,100
DA:112,100
DA:114,100
DA:118,25
DA:119,25
DA:120,25
DA:122,25
DA:128,91
DA:130,6
DA:133,6
DA:140,91
DA:141,35
DA:146,17
DA:188,11
DA:189,11
DA:190,17
DA:192,11
DA:195,11
DA:196,11
DA:198,17
DA:199,17
DA:202,11
DA:204,4
DA:207,11
DA:210,3
DA:211,3
DA:212,3
DA:213,1
DA:215,2
LF:53
LH:53
BRDA:14,0,0,1
BRDA:14,0,1,33
BRDA:14,0,2,34
BRDA:14,0,3,35
BRDA:14,0,4,36
BRDA:14,0,5,37
BRDA:14,0,6,1
BRDA:14,0,7,2
BRDA:14,0,8,5
BRDA:14,0,9,6
BRDA:14,0,10,7
BRDA:14,0,11,17
BRDA:14,0,12,1
BRDA:14,0,13,5
BRDA:14,0,14,2
BRDA:14,0,15,1
BRDA:14,0,16,1
BRDA:14,0,17,10
BRDA:14,0,18,1
BRDA:14,0,19,2
BRDA:14,0,20,1
BRDA:14,0,21,1
BRDA:14,0,22,3
BRDA:14,0,23,4
BRDA:14,0,24,1
BRDA:14,0,25,2
BRDA:14,0,26,3
BRDA:14,0,27,1
BRDA:14,0,28,1
BRDA:14,0,29,2
BRDA:14,0,30,3
BRDA:14,0,31,4
BRDA:14,0,32,1
BRDA:14,0,33,1
BRDA:14,0,34,2
BRDA:14,0,35,39
BRDA:108,1,0,9
BRDA:108,1,1,91
BRDA:109,2,0,1
BRDA:109,2,1,99
BRDA:110,3,0,30
BRDA:110,3,1,70
BRDA:111,4,0,52
BRDA:111,4,1,48
BRDA:111,5,0,100
BRDA:111,5,1,81
BRDA:112,6,0,35
BRDA:112,6,1,65
BRDA:120,7,0,22
BRDA:120,7,1,3
BRDA:130,8,0,6
BRDA:130,8,1,0
BRDA:150,9,0,5
BRDA:150,9,1,12
BRDA:212,10,0,1
BRDA:212,10,1,2
BRF:56
BRH:55
end_of_record
