TN:
SF:src/config.ts
FN:23,parseList
FN:25,(anonymous_1)
FN:28,parseIntOrDefault
FN:34,parseCorsOrigins
FN:41,parseDatabaseUrl
FNF:5
FNH:5
FNDA:52,parseList
FNDA:12,(anonymous_1)
FNDA:82,parseIntOrDefault
FNDA:21,parseCorsOrigins
FNDA:20,parseDatabaseUrl
DA:2,15
DA:24,52
DA:25,12
DA:29,82
DA:30,6
DA:31,6
DA:35,21
DA:36,5
DA:37,4
DA:38,3
DA:42,20
DA:43,4
DA:46,15
DA:67,15
LF:14
LH:14
BRDA:24,0,0,47
BRDA:24,0,1,5
BRDA:24,1,0,52
BRDA:24,1,1,6
BRDA:29,2,0,76
BRDA:29,2,1,6
BRDA:31,3,0,1
BRDA:31,3,1,5
BRDA:35,4,0,16
BRDA:35,4,1,5
BRDA:36,5,0,1
BRDA:36,5,1,4
BRDA:37,6,0,1
BRDA:37,6,1,3
BRDA:42,7,0,16
BRDA:42,7,1,4
BRDA:42,8,0,20
BRDA:42,8,1,5
BRDA:47,9,0,15
BRDA:47,9,1,13
BRDA:50,10,0,15
BRDA:50,10,1,14
BRDA:59,11,0,15
BRDA:59,11,1,14
BRF:24
BRH:24
end_of_record
TN:
SF:src/auth/api-key.ts
FN:24,isPublicPath
FN:27,(anonymous_1)
FN:32,toBase64url
FN:36,fromBase64url
FN:42,validatePermissions
FN:67,generateApiKey
FN:103,parseKeyData
FN:132,verifyHmac
FN:141,verifyApiKey
FN:178,hasPermission
FN:192,hasAnyPermission
FN:206,parsePermissionsString
FN:208,(anonymous_12)
FN:229,extractApiKey
FN:243,registerAuthHook
FN:244,(anonymous_15)
FNF:16
FNH:16
FNDA:35,isPublicPath
FNDA:66,(anonymous_1)
FNDA:27,toBase64url
FNDA:28,fromBase64url
FNDA:35,validatePermissions
FNDA:58,generateApiKey
FNDA:51,parseKeyData
FNDA:45,verifyHmac
FNDA:56,verifyApiKey
FNDA:105,hasPermission
FNDA:431,hasAnyPermission
FNDA:8,parsePermissionsString
FNDA:10,(anonymous_12)
FNDA:33,extractApiKey
FNDA:4,registerAuthHook
FNDA:35,(anonymous_15)
DA:18,10
DA:19,10
DA:20,10
DA:22,10
DA:26,35
DA:27,66
DA:33,27
DA:37,28
DA:43,35
DA:44,35
DA:45,2
DA:47,33
DA:48,37
DA:49,3
DA:51,34
DA:52,2
DA:68,58
DA:69,4
DA:73,54
DA:74,30
DA:75,30
DA:76,30
DA:78,24
DA:81,51
DA:82,51
DA:104,51
DA:106,51
DA:108,21
DA:112,30
DA:113,30
DA:115,29
DA:116,29
DA:118,28
DA:119,28
DA:120,28
DA:121,1
DA:123,26
DA:124,28
DA:126,25
DA:128,1
DA:133,45
DA:134,45
DA:135,45
DA:137,45
DA:138,42
DA:142,56
DA:143,2
DA:146,54
DA:147,54
DA:148,54
DA:149,2
DA:152,52
DA:153,52
DA:155,52
DA:156,1
DA:159,51
DA:160,51
DA:161,6
DA:164,45
DA:165,11
DA:168,34
DA:183,105
DA:184,29
DA:185,105
DA:186,27
DA:196,431
DA:197,95
DA:198,431
DA:207,8
DA:208,10
DA:209,8
DA:210,9
DA:211,9
DA:212,1
DA:214,8
DA:215,8
DA:216,8
DA:217,1
DA:219,7
DA:221,6
DA:222,1
DA:224,5
DA:230,33
DA:231,33
DA:232,28
DA:235,5
DA:236,5
DA:237,1
DA:240,4
DA:244,4
DA:245,35
DA:246,6
DA:249,29
DA:250,29
DA:251,3
DA:255,3
DA:258,26
DA:259,26
DA:260,1
DA:264,1
DA:267,25
DA:268,25
LF:102
LH:102
BRDA:27,0,0,66
BRDA:27,0,1,61
BRDA:44,1,0,2
BRDA:44,1,1,33
BRDA:48,2,0,3
BRDA:48,2,1,34
BRDA:48,3,0,37
BRDA:48,3,1,35
BRDA:51,4,0,2
BRDA:51,4,1,32
BRDA:68,5,0,4
BRDA:68,5,1,54
BRDA:73,6,0,30
BRDA:73,6,1,24
BRDA:106,7,0,21
BRDA:106,7,1,30
BRDA:108,8,0,20
BRDA:108,8,1,1
BRDA:113,9,0,1
BRDA:113,9,1,29
BRDA:116,10,0,1
BRDA:116,10,1,28
BRDA:120,11,0,1
BRDA:120,11,1,27
BRDA:120,12,0,28
BRDA:120,12,1,27
BRDA:120,12,2,27
BRDA:124,13,0,1
BRDA:124,13,1,27
BRDA:137,14,0,3
BRDA:137,14,1,42
BRDA:142,15,0,2
BRDA:142,15,1,54
BRDA:148,16,0,2
BRDA:148,16,1,52
BRDA:155,17,0,1
BRDA:155,17,1,51
BRDA:160,18,0,6
BRDA:160,18,1,45
BRDA:164,19,0,11
BRDA:164,19,1,34
BRDA:183,20,0,76
BRDA:183,20,1,29
BRDA:183,21,0,105
BRDA:183,21,1,70
BRDA:184,22,0,29
BRDA:184,22,1,6
BRDA:185,23,0,2
BRDA:185,23,1,103
BRDA:186,24,0,27
BRDA:186,24,1,23
BRDA:196,25,0,336
BRDA:196,25,1,95
BRDA:196,26,0,431
BRDA:196,26,1,115
BRDA:197,27,0,95
BRDA:197,27,1,54
BRDA:211,28,0,1
BRDA:211,28,1,8
BRDA:216,29,0,1
BRDA:216,29,1,7
BRDA:221,30,0,1
BRDA:221,30,1,5
BRDA:231,31,0,28
BRDA:231,31,1,5
BRDA:236,32,0,1
BRDA:236,32,1,4
BRDA:236,33,0,5
BRDA:236,33,1,1
BRDA:245,34,0,6
BRDA:245,34,1,29
BRDA:250,35,0,3
BRDA:250,35,1,26
BRDA:259,36,0,1
BRDA:259,36,1,25
BRF:75
BRH:75
end_of_record
TN:
SF:src/db/introspector.ts
FN:110,makeFqn
FN:114,resolveTargetSchemas
FN:118,(anonymous_2)
FN:123,(anonymous_3)
FN:133,buildTableMap
FN:175,attachPrimaryKeys
FN:182,attachForeignKeys
FN:195,warnTableIssues
FN:217,computeDatabaseHash
FN:221,(anonymous_9)
FN:225,(anonymous_10)
FN:236,(anonymous_11)
FN:237,(anonymous_12)
FN:247,(anonymous_13)
FN:250,(anonymous_14)
FN:251,(anonymous_15)
FN:266,introspectDatabase
FN:268,(anonymous_17)
FNF:18
FNH:18
FNDA:41,makeFqn
FNDA:23,resolveTargetSchemas
FNDA:3,(anonymous_2)
FNDA:29,(anonymous_3)
FNDA:21,buildTableMap
FNDA:21,attachPrimaryKeys
FNDA:21,attachForeignKeys
FNDA:21,warnTableIssues
FNDA:19,computeDatabaseHash
FNDA:2,(anonymous_9)
FNDA:5,(anonymous_10)
FNDA:62,(anonymous_11)
FNDA:85,(anonymous_12)
FNDA:3,(anonymous_13)
FNDA:2,(anonymous_14)
FNDA:8,(anonymous_15)
FNDA:23,introspectDatabase
FNDA:31,(anonymous_17)
DA:45,7
DA:64,7
DA:79,7
DA:100,7
DA:111,41
DA:115,23
DA:117,23
DA:118,3
DA:121,23
DA:122,23
DA:123,29
DA:126,23
DA:127,2
DA:130,21
DA:134,21
DA:135,21
DA:137,21
DA:138,26
DA:139,26
DA:141,26
DA:143,25
DA:145,22
DA:149,22
DA:160,25
DA:172,21
DA:176,21
DA:177,8
DA:178,8
DA:183,21
DA:184,4
DA:185,4
DA:196,21
DA:197,22
DA:198,16
DA:200,22
DA:201,3
DA:202,3
DA:203,2
DA:218,19
DA:221,19
DA:222,19
DA:225,19
DA:226,5
DA:229,19
DA:230,23
DA:236,62
DA:237,85
DA:247,3
DA:250,2
DA:251,8
DA:261,19
DA:267,23
DA:268,31
DA:270,23
DA:272,23
DA:278,21
DA:279,21
DA:280,21
DA:281,21
DA:283,21
DA:284,21
LF:61
LH:61
BRDA:117,0,0,2
BRDA:117,0,1,21
BRDA:123,1,0,29
BRDA:123,1,1,24
BRDA:123,1,2,23
BRDA:126,2,0,2
BRDA:126,2,1,21
BRDA:141,3,0,1
BRDA:141,3,1,25
BRDA:143,4,0,22
BRDA:143,4,1,3
BRDA:145,5,0,20
BRDA:145,5,1,2
BRDA:197,6,0,16
BRDA:197,6,1,6
BRDA:202,7,0,2
BRDA:202,7,1,1
BRF:17
BRH:17
end_of_record
TN:
SF:src/db/query-builder.ts
FN:37,quoteIdent
FN:41,escapeLike
FN:45,isValidColumn
FN:46,(anonymous_3)
FN:49,getColumnNames
FN:51,(anonymous_5)
FN:57,(anonymous_6)
FN:79,buildWhereClauses
FN:96,(anonymous_8)
FN:108,(anonymous_9)
FN:109,(anonymous_10)
FN:126,buildSelectQuery
FN:151,buildCountQuery
FN:157,validateFilterColumn
FN:161,(anonymous_14)
FN:166,parseOperatorAndValue
FN:176,coerceFilterValue
FN:190,parseFiltersFromObject
FN:203,buildSelectByPkQuery
FN:224,buildInsertQuery
FN:228,(anonymous_20)
FN:233,(anonymous_21)
FN:234,(anonymous_22)
FN:235,(anonymous_23)
FN:243,buildBulkInsertQuery
FN:256,(anonymous_25)
FN:271,(anonymous_26)
FN:284,buildUpdateQuery
FN:291,(anonymous_28)
FN:301,(anonymous_29)
FN:306,(anonymous_30)
FN:317,buildDeleteQuery
FN:324,(anonymous_32)
FN:335,pgTypeToJsonSchema
FNF:34
FNH:34
FNDA:215,quoteIdent
FNDA:13,escapeLike
FNDA:63,isValidColumn
FNDA:150,(anonymous_3)
FNDA:72,getColumnNames
FNDA:11,(anonymous_5)
FNDA:4,(anonymous_6)
FNDA:82,buildWhereClauses
FNDA:3,(anonymous_8)
FNDA:19,(anonymous_9)
FNDA:18,(anonymous_10)
FNDA:57,buildSelectQuery
FNDA:26,buildCountQuery
FNDA:28,validateFilterColumn
FNDA:12,(anonymous_14)
FNDA:25,parseOperatorAndValue
FNDA:25,coerceFilterValue
FNDA:27,parseFiltersFromObject
FNDA:15,buildSelectByPkQuery
FNDA:18,buildInsertQuery
FNDA:71,(anonymous_20)
FNDA:33,(anonymous_21)
FNDA:33,(anonymous_22)
FNDA:33,(anonymous_23)
FNDA:7,buildBulkInsertQuery
FNDA:39,(anonymous_25)
FNDA:16,(anonymous_26)
FNDA:16,buildUpdateQuery
FNDA:63,(anonymous_28)
FNDA:25,(anonymous_29)
FNDA:16,(anonymous_30)
FNDA:10,buildDeleteQuery
FNDA:11,(anonymous_32)
FNDA:385,pgTypeToJsonSchema
DA:24,10
DA:38,215
DA:42,13
DA:46,150
DA:50,72
DA:51,11
DA:52,7
DA:53,6
DA:55,1
DA:57,4
DA:60,65
DA:84,82
DA:85,82
DA:86,82
DA:89,82
DA:90,82
DA:91,24
DA:93,24
DA:94,2
DA:95,22
DA:96,3
DA:97,1
DA:98,1
DA:100,21
DA:101,21
DA:106,78
DA:107,14
DA:108,19
DA:109,18
DA:110,14
DA:111,13
DA:112,13
DA:113,13
DA:117,78
DA:121,82
DA:127,57
DA:128,57
DA:129,57
DA:131,57
DA:132,57
DA:133,57
DA:134,57
DA:136,57
DA:139,57
DA:140,57
DA:141,52
DA:142,52
DA:145,52
DA:146,52
DA:148,52
DA:152,26
DA:153,26
DA:154,26
DA:158,28
DA:159,3
DA:161,12
DA:167,25
DA:168,25
DA:170,24
DA:171,24
DA:173,23
DA:177,25
DA:178,2
DA:180,23
DA:181,2
DA:182,2
DA:183,1
DA:185,1
DA:187,21
DA:191,27
DA:192,27
DA:193,28
DA:194,28
DA:195,28
DA:196,28
DA:198,23
DA:208,15
DA:209,15
DA:210,15
DA:211,15
DA:213,15
DA:214,18
DA:215,18
DA:218,15
DA:219,15
DA:228,71
DA:229,18
DA:230,1
DA:233,33
DA:234,33
DA:235,33
DA:237,17
DA:238,17
DA:247,7
DA:248,6
DA:249,1
DA:253,5
DA:254,5
DA:255,9
DA:256,39
DA:257,14
DA:262,5
DA:263,5
DA:265,4
DA:266,4
DA:267,4
DA:268,4
DA:270,4
DA:271,8
DA:272,16
DA:273,16
DA:275,8
DA:278,4
DA:279,4
DA:290,16
DA:291,63
DA:294,16
DA:295,1
DA:298,15
DA:299,15
DA:301,15
DA:302,25
DA:303,25
DA:306,15
DA:307,16
DA:308,16
DA:311,15
DA:312,15
DA:321,10
DA:322,10
DA:324,10
DA:325,11
DA:326,11
DA:329,10
DA:330,10
DA:336,385
DA:338,385
DA:341,1
DA:342,1
DA:343,1
DA:344,1
DA:347,48
DA:348,48
DA:349,48
DA:350,48
DA:354,3
DA:355,3
DA:363,13
DA:364,13
DA:368,75
DA:369,75
DA:374,15
DA:378,1
DA:379,1
DA:380,1
DA:382,1
DA:383,1
DA:384,1
DA:387,34
DA:388,34
DA:389,34
DA:392,2
DA:393,2
DA:394,2
DA:396,1
DA:397,1
DA:398,1
DA:401,2
DA:402,2
DA:408,3
DA:409,3
DA:410,3
DA:416,3
DA:417,3
DA:418,3
DA:422,1
DA:423,1
DA:424,1
DA:431,4
DA:432,4
DA:433,4
DA:437,1
DA:438,1
DA:439,1
DA:444,2
DA:445,2
DA:446,2
DA:450,175
DA:453,385
DA:454,157
DA:458,385
DA:459,79
DA:462,385
LF:193
LH:193
BRDA:50,0,0,7
BRDA:50,0,1,65
BRDA:50,1,0,72
BRDA:50,1,1,7
BRDA:52,2,0,6
BRDA:52,2,1,1
BRDA:82,3,0,82
BRDA:89,4,0,27
BRDA:89,4,1,55
BRDA:93,5,0,2
BRDA:93,5,1,22
BRDA:94,6,0,1
BRDA:94,6,1,1
BRDA:95,7,0,1
BRDA:95,7,1,21
BRDA:95,8,0,22
BRDA:95,8,1,1
BRDA:106,9,0,14
BRDA:106,9,1,64
BRDA:106,10,0,78
BRDA:106,10,1,14
BRDA:106,10,2,14
BRDA:110,11,0,13
BRDA:110,11,1,1
BRDA:117,12,0,33
BRDA:117,12,1,45
BRDA:127,13,0,57
BRDA:127,13,1,31
BRDA:128,14,0,57
BRDA:128,14,1,30
BRDA:139,15,0,4
BRDA:139,15,1,48
BRDA:139,16,0,57
BRDA:139,16,1,5
BRDA:139,17,0,48
BRDA:139,17,1,1
BRDA:140,18,0,52
BRDA:140,18,1,5
BRDA:141,19,0,3
BRDA:141,19,1,49
BRDA:158,20,0,3
BRDA:158,20,1,25
BRDA:168,21,0,1
BRDA:168,21,1,24
BRDA:171,22,0,1
BRDA:171,22,1,23
BRDA:177,23,0,2
BRDA:177,23,1,23
BRDA:178,24,0,1
BRDA:178,24,1,1
BRDA:180,25,0,2
BRDA:180,25,1,21
BRDA:182,26,0,1
BRDA:182,26,1,1
BRDA:229,27,0,1
BRDA:229,27,1,17
BRDA:247,28,0,1
BRDA:247,28,1,6
BRDA:248,29,0,1
BRDA:248,29,1,5
BRDA:256,30,0,14
BRDA:256,30,1,1
BRDA:263,31,0,1
BRDA:263,31,1,4
BRDA:272,32,0,16
BRDA:272,32,1,2
BRDA:291,33,0,63
BRDA:291,33,1,27
BRDA:294,34,0,1
BRDA:294,34,1,15
BRDA:338,35,0,1
BRDA:338,35,1,47
BRDA:338,35,2,48
BRDA:338,35,3,1
BRDA:338,35,4,2
BRDA:338,35,5,3
BRDA:338,35,6,1
BRDA:338,35,7,2
BRDA:338,35,8,11
BRDA:338,35,9,12
BRDA:338,35,10,13
BRDA:338,35,11,75
BRDA:338,35,12,1
BRDA:338,35,13,15
BRDA:338,35,14,1
BRDA:338,35,15,1
BRDA:338,35,16,1
BRDA:338,35,17,34
BRDA:338,35,18,1
BRDA:338,35,19,2
BRDA:338,35,20,1
BRDA:338,35,21,1
BRDA:338,35,22,2
BRDA:338,35,23,1
BRDA:338,35,24,2
BRDA:338,35,25,3
BRDA:338,35,26,1
BRDA:338,35,27,2
BRDA:338,35,28,3
BRDA:338,35,29,1
BRDA:338,35,30,1
BRDA:338,35,31,2
BRDA:338,35,32,3
BRDA:338,35,33,4
BRDA:338,35,34,1
BRDA:338,35,35,1
BRDA:338,35,36,2
BRDA:338,35,37,175
BRDA:453,36,0,157
BRDA:453,36,1,228
BRDA:458,37,0,79
BRDA:458,37,1,306
BRDA:458,38,0,385
BRDA:458,38,1,92
BRF:114
BRH:114
end_of_record
TN:
SF:src/errors/pg-errors.ts
FN:18,handleDbError
FNF:1
FNH:1
FNDA:18,handleDbError
DA:11,8
DA:19,18
DA:21,18
DA:22,18
DA:23,14
DA:24,14
DA:34,4
DA:35,4
LF:8
LH:8
BRDA:21,0,0,17
BRDA:21,0,1,1
BRDA:22,1,0,14
BRDA:22,1,1,4
BRDA:27,2,0,3
BRDA:27,2,1,11
BRDA:28,3,0,3
BRDA:28,3,1,1
BRDA:29,4,0,1
BRDA:29,4,1,2
BRF:10
BRH:10
end_of_record
TN:
SF:src/mcp/routes.ts
FN:24,registerMcpRoutes
FN:34,(anonymous_1)
FN:48,(anonymous_2)
FN:66,(anonymous_3)
FN:78,(anonymous_4)
FN:95,(anonymous_5)
FNF:6
FNH:6
FNDA:19,registerMcpRoutes
FNDA:18,(anonymous_1)
FNDA:7,(anonymous_2)
FNDA:6,(anonymous_3)
FNDA:3,(anonymous_4)
FNDA:9,(anonymous_5)
DA:28,19
DA:29,19
DA:32,19
DA:35,18
DA:36,18
DA:39,18
DA:40,10
DA:41,10
DA:42,10
DA:43,10
DA:47,8
DA:48,7
DA:52,8
DA:59,8
DA:60,8
DA:63,8
DA:64,8
DA:65,7
DA:66,7
DA:67,6
DA:71,8
DA:76,19
DA:79,3
DA:81,3
DA:82,2
DA:85,1
DA:87,1
DA:88,1
DA:93,19
DA:96,9
DA:98,9
DA:99,3
DA:102,6
DA:103,6
DA:104,6
DA:106,6
LF:36
LH:36
BRDA:35,0,0,18
BRDA:35,0,1,15
BRDA:39,1,0,10
BRDA:39,1,1,8
BRDA:39,2,0,18
BRDA:39,2,1,10
BRDA:64,3,0,7
BRDA:64,3,1,1
BRDA:81,4,0,2
BRDA:81,4,1,1
BRDA:81,5,0,3
BRDA:81,5,1,2
BRDA:98,6,0,3
BRDA:98,6,1,6
BRDA:98,7,0,9
BRDA:98,7,1,8
BRF:16
BRH:16
end_of_record
TN:
SF:src/mcp/server.ts
FN:32,findTableByRoutePath
FN:42,getAccessibleTables
FN:46,(anonymous_2)
FN:51,checkPermission
FN:63,textResult
FN:69,errorResult
FN:76,parsePkValues
FN:83,(anonymous_7)
FN:88,(anonymous_8)
FN:96,formatPgError
FN:117,createMcpServer
FN:142,registerTools
FN:159,(anonymous_12)
FN:160,(anonymous_13)
FN:187,(anonymous_14)
FN:226,(anonymous_15)
FN:234,(anonymous_16)
FN:235,(anonymous_17)
FN:284,(anonymous_18)
FN:325,(anonymous_19)
FN:360,(anonymous_20)
FN:397,(anonymous_21)
FN:424,registerResources
FN:438,(anonymous_23)
FN:440,(anonymous_24)
FN:460,(anonymous_25)
FN:461,(anonymous_26)
FN:474,(anonymous_27)
FN:501,registerPrompts
FN:513,(anonymous_29)
FN:515,(anonymous_30)
FN:551,(anonymous_31)
FN:567,(anonymous_32)
FN:568,(anonymous_33)
FN:570,(anonymous_34)
FN:571,(anonymous_35)
FN:584,(anonymous_36)
FNF:37
FNH:37
FNDA:59,findTableByRoutePath
FNDA:84,getAccessibleTables
FNDA:387,(anonymous_2)
FNDA:36,checkPermission
FNDA:25,textResult
FNDA:28,errorResult
FNDA:13,parsePkValues
FNDA:2,(anonymous_7)
FNDA:2,(anonymous_8)
FNDA:15,formatPgError
FNDA:76,createMcpServer
FNDA:76,registerTools
FNDA:4,(anonymous_12)
FNDA:13,(anonymous_13)
FNDA:5,(anonymous_14)
FNDA:10,(anonymous_15)
FNDA:32,(anonymous_16)
FNDA:16,(anonymous_17)
FNDA:9,(anonymous_18)
FNDA:12,(anonymous_19)
FNDA:6,(anonymous_20)
FNDA:7,(anonymous_21)
FNDA:76,registerResources
FNDA:2,(anonymous_23)
FNDA:6,(anonymous_24)
FNDA:1,(anonymous_25)
FNDA:5,(anonymous_26)
FNDA:3,(anonymous_27)
FNDA:76,registerPrompts
FNDA:2,(anonymous_29)
FNDA:6,(anonymous_30)
FNDA:7,(anonymous_31)
FNDA:17,(anonymous_32)
FNDA:5,(anonymous_33)
FNDA:17,(anonymous_34)
FNDA:7,(anonymous_35)
FNDA:2,(anonymous_36)
DA:30,7
DA:36,59
DA:37,119
DA:39,8
DA:46,387
DA:56,36
DA:57,6
DA:64,25
DA:70,28
DA:77,13
DA:79,13
DA:80,11
DA:82,2
DA:83,2
DA:84,1
DA:88,1
DA:89,2
DA:93,12
DA:97,15
DA:98,15
DA:105,15
DA:106,5
DA:107,5
DA:108,5
DA:111,10
DA:112,1
DA:118,76
DA:120,76
DA:127,76
DA:131,76
DA:135,76
DA:137,76
DA:150,76
DA:160,13
DA:169,4
DA:174,76
DA:188,5
DA:189,5
DA:191,4
DA:192,1
DA:195,3
DA:196,3
DA:201,76
DA:227,10
DA:228,10
DA:230,9
DA:231,9
DA:233,9
DA:234,32
DA:235,16
DA:237,9
DA:248,10
DA:253,7
DA:255,7
DA:265,2
DA:271,76
DA:285,9
DA:286,9
DA:288,8
DA:289,1
DA:292,7
DA:293,7
DA:294,7
DA:295,7
DA:297,5
DA:298,1
DA:301,4
DA:303,2
DA:309,76
DA:326,12
DA:327,12
DA:329,11
DA:330,11
DA:332,11
DA:333,1
DA:334,1
DA:336,8
DA:337,2
DA:340,8
DA:346,76
DA:361,6
DA:362,6
DA:364,5
DA:365,1
DA:368,4
DA:369,4
DA:370,4
DA:371,4
DA:373,3
DA:374,1
DA:377,2
DA:379,1
DA:385,76
DA:398,7
DA:399,7
DA:401,6
DA:402,1
DA:405,5
DA:406,5
DA:407,5
DA:408,5
DA:410,3
DA:411,1
DA:414,2
DA:416,2
DA:430,76
DA:439,2
DA:440,6
DA:444,2
DA:455,76
DA:457,76
DA:460,1
DA:461,5
DA:475,3
DA:476,3
DA:477,2
DA:486,1
DA:488,1
DA:507,76
DA:514,2
DA:515,2
DA:516,6
DA:519,2
DA:542,76
DA:552,7
DA:553,7
DA:554,2
DA:565,5
DA:566,5
DA:567,17
DA:568,5
DA:569,5
DA:570,17
DA:571,7
DA:573,5
DA:574,5
DA:575,4
DA:577,5
DA:578,5
DA:579,4
DA:580,4
DA:583,5
DA:584,2
DA:587,7
DA:591,7
LF:145
LH:145
BRDA:37,0,0,51
BRDA:37,0,1,68
BRDA:56,1,0,6
BRDA:56,1,1,30
BRDA:58,2,0,2
BRDA:58,2,1,4
BRDA:79,3,0,11
BRDA:79,3,1,2
BRDA:83,4,0,1
BRDA:83,4,1,1
BRDA:83,5,0,2
BRDA:83,5,1,1
BRDA:105,6,0,5
BRDA:105,6,1,10
BRDA:105,7,0,15
BRDA:105,7,1,6
BRDA:107,8,0,1
BRDA:107,8,1,4
BRDA:107,9,0,5
BRDA:107,9,1,1
BRDA:111,10,0,9
BRDA:111,10,1,1
BRDA:189,11,0,1
BRDA:189,11,1,4
BRDA:191,12,0,1
BRDA:191,12,1,3
BRDA:228,13,0,1
BRDA:228,13,1,9
BRDA:238,14,0,9
BRDA:238,14,1,7
BRDA:239,15,0,10
BRDA:239,15,1,7
BRDA:242,16,0,2
BRDA:242,16,1,6
BRDA:242,17,0,10
BRDA:242,17,1,2
BRDA:244,18,0,10
BRDA:244,18,1,7
BRDA:286,19,0,1
BRDA:286,19,1,8
BRDA:288,20,0,1
BRDA:288,20,1,7
BRDA:297,21,0,1
BRDA:297,21,1,4
BRDA:327,22,0,1
BRDA:327,22,1,11
BRDA:332,23,0,1
BRDA:332,23,1,8
BRDA:362,24,0,1
BRDA:362,24,1,5
BRDA:364,25,0,1
BRDA:364,25,1,4
BRDA:373,26,0,1
BRDA:373,26,1,2
BRDA:399,27,0,1
BRDA:399,27,1,6
BRDA:401,28,0,1
BRDA:401,28,1,5
BRDA:410,29,0,1
BRDA:410,29,1,2
BRDA:476,30,0,2
BRDA:476,30,1,1
BRDA:476,31,0,3
BRDA:476,31,1,2
BRDA:516,32,0,4
BRDA:516,32,1,2
BRDA:553,33,0,2
BRDA:553,33,1,5
BRDA:553,34,0,7
BRDA:553,34,1,6
BRDA:570,35,0,17
BRDA:570,35,1,14
BRDA:574,36,0,4
BRDA:574,36,1,1
BRDA:578,37,0,4
BRDA:578,37,1,1
BRDA:583,38,0,2
BRDA:583,38,1,3
BRDA:587,39,0,4
BRDA:587,39,1,1
BRDA:598,40,0,4
BRDA:598,40,1,1
BRDA:600,41,0,4
BRDA:600,41,1,1
BRF:84
BRH:84
end_of_record
TN:
SF:src/routes/crud.ts
FN:21,parseCommaSeparated
FN:22,(anonymous_1)
FN:23,(anonymous_2)
FN:26,buildPkParams
FN:34,(anonymous_4)
FN:37,(anonymous_5)
FN:45,buildJsonSchemaForTable
FN:72,errorSchema
FN:97,handleRouteError
FN:105,denyPermission
FN:115,parsePkOrReply
FN:141,registerCrudRoutes
FN:148,(anonymous_12)
FN:150,(anonymous_13)
FN:151,(anonymous_14)
FN:157,(anonymous_15)
FN:166,(anonymous_16)
FN:178,(anonymous_17)
FN:213,(anonymous_18)
FN:243,(anonymous_19)
FN:269,(anonymous_20)
FN:269,(anonymous_21)
FN:333,(anonymous_22)
FN:339,(anonymous_23)
FN:388,(anonymous_24)
FN:409,(anonymous_25)
FN:484,(anonymous_26)
FN:510,findTable
FNF:28
FNH:28
FNDA:6,parseCommaSeparated
FNDA:7,(anonymous_1)
FNDA:8,(anonymous_2)
FNDA:28,buildPkParams
FNDA:6,(anonymous_4)
FNDA:4,(anonymous_5)
FNDA:118,buildJsonSchemaForTable
FNDA:35,errorSchema
FNDA:7,handleRouteError
FNDA:7,denyPermission
FNDA:23,parsePkOrReply
FNDA:19,registerCrudRoutes
FNDA:4,(anonymous_12)
FNDA:8,(anonymous_13)
FNDA:7,(anonymous_14)
FNDA:3,(anonymous_15)
FNDA:4,(anonymous_16)
FNDA:8,(anonymous_17)
FNDA:97,(anonymous_18)
FNDA:18,(anonymous_19)
FNDA:56,(anonymous_20)
FNDA:26,(anonymous_21)
FNDA:9,(anonymous_22)
FNDA:2,(anonymous_23)
FNDA:8,(anonymous_24)
FNDA:12,(anonymous_25)
FNDA:6,(anonymous_26)
FNDA:7,findTable
DA:22,7
DA:23,8
DA:27,28
DA:29,28
DA:30,19
DA:33,9
DA:34,9
DA:35,7
DA:37,2
DA:38,4
DA:42,21
DA:46,118
DA:47,118
DA:49,118
DA:50,428
DA:52,428
DA:53,406
DA:55,342
DA:57,342
DA:58,56
DA:61,342
DA:62,77
DA:66,118
DA:67,118
DA:68,118
DA:69,118
DA:73,35
DA:99,7
DA:100,1
DA:102,6
DA:106,7
DA:120,23
DA:121,23
DA:122,23
DA:123,4
DA:128,23
DA:133,7
DA:134,7
DA:135,7
DA:136,7
DA:137,7
DA:148,19
DA:149,4
DA:150,8
DA:151,7
DA:157,3
DA:162,4
DA:166,19
DA:167,4
DA:168,4
DA:170,4
DA:171,2
DA:174,2
DA:178,8
DA:192,19
DA:193,27
DA:194,27
DA:196,27
DA:198,27
DA:199,27
DA:200,27
DA:201,27
DA:204,27
DA:213,97
DA:244,18
DA:245,2
DA:247,16
DA:248,16
DA:251,16
DA:252,16
DA:253,40
DA:254,2
DA:258,16
DA:269,56
DA:273,18
DA:278,15
DA:280,15
DA:290,1
DA:297,27
DA:298,5
DA:299,22
DA:300,19
DA:303,27
DA:314,27
DA:315,24
DA:334,9
DA:335,1
DA:337,8
DA:338,8
DA:339,8
DA:340,9
DA:341,9
DA:343,7
DA:345,6
DA:346,1
DA:349,5
DA:351,1
DA:358,27
DA:389,8
DA:390,1
DA:392,7
DA:393,7
DA:395,7
DA:396,1
DA:397,1
DA:399,6
DA:400,4
DA:403,2
DA:409,27
DA:410,12
DA:411,2
DA:413,10
DA:414,10
DA:415,10
DA:416,8
DA:418,8
DA:420,6
DA:421,2
DA:424,4
DA:426,2
DA:430,27
DA:439,27
DA:441,24
DA:453,24
DA:465,24
DA:485,6
DA:486,1
DA:488,5
DA:489,5
DA:490,5
DA:492,4
DA:494,3
DA:495,1
DA:498,2
DA:500,1
DA:511,7
DA:512,11
DA:514,2
LF:138
LH:138
BRDA:22,0,0,2
BRDA:22,0,1,4
BRDA:29,1,0,19
BRDA:29,1,1,9
BRDA:34,2,0,7
BRDA:34,2,1,2
BRDA:34,3,0,9
BRDA:34,3,1,3
BRDA:52,4,0,22
BRDA:52,4,1,406
BRDA:52,5,0,428
BRDA:52,5,1,109
BRDA:52,5,2,32
BRDA:53,6,0,64
BRDA:53,6,1,342
BRDA:53,7,0,406
BRDA:53,7,1,297
BRDA:53,7,2,218
BRDA:57,8,0,56
BRDA:57,8,1,286
BRDA:57,9,0,342
BRDA:57,9,1,87
BRDA:57,9,2,64
BRDA:61,10,0,77
BRDA:61,10,1,265
BRDA:67,11,0,60
BRDA:67,11,1,58
BRDA:68,12,0,90
BRDA:68,12,1,28
BRDA:68,13,0,118
BRDA:68,13,1,88
BRDA:68,13,2,58
BRDA:99,14,0,1
BRDA:99,14,1,6
BRDA:99,15,0,7
BRDA:99,15,1,7
BRDA:122,16,0,4
BRDA:122,16,1,19
BRDA:145,17,0,19
BRDA:170,18,0,2
BRDA:170,18,1,2
BRDA:170,19,0,4
BRDA:170,19,1,3
BRDA:194,20,0,25
BRDA:194,20,1,2
BRDA:244,21,0,2
BRDA:244,21,1,16
BRDA:253,22,0,2
BRDA:253,22,1,38
BRDA:265,23,0,1
BRDA:265,23,1,15
BRDA:267,24,0,1
BRDA:267,24,1,15
BRDA:270,25,0,2
BRDA:270,25,1,14
BRDA:297,26,0,5
BRDA:297,26,1,22
BRDA:299,27,0,19
BRDA:299,27,1,3
BRDA:303,28,0,24
BRDA:303,28,1,3
BRDA:314,29,0,24
BRDA:314,29,1,3
BRDA:334,30,0,1
BRDA:334,30,1,8
BRDA:339,31,0,1
BRDA:339,31,1,7
BRDA:341,32,0,1
BRDA:341,32,1,8
BRDA:345,33,0,1
BRDA:345,33,1,5
BRDA:389,34,0,1
BRDA:389,34,1,7
BRDA:395,35,0,1
BRDA:395,35,1,6
BRDA:410,36,0,2
BRDA:410,36,1,10
BRDA:415,37,0,2
BRDA:415,37,1,8
BRDA:420,38,0,2
BRDA:420,38,1,4
BRDA:439,39,0,24
BRDA:439,39,1,3
BRDA:485,40,0,1
BRDA:485,40,1,5
BRDA:490,41,0,1
BRDA:490,41,1,4
BRDA:494,42,0,1
BRDA:494,42,1,2
BRDA:512,43,0,5
BRDA:512,43,1,6
BRF:91
BRH:91
end_of_record
TN:
SF:src/routes/schema.ts
FN:14,mapPgType
FN:98,buildAgentColumn
FN:118,buildAgentTable
FN:129,(anonymous_3)
FN:130,(anonymous_4)
FN:141,(anonymous_5)
FN:142,(anonymous_6)
FN:146,buildApiInfo
FN:184,registerSchemaRoutes
FN:190,(anonymous_9)
FN:204,(anonymous_10)
FN:205,(anonymous_11)
FN:212,(anonymous_12)
FNF:13
FNH:13
FNDA:207,mapPgType
FNDA:171,buildAgentColumn
FNDA:45,buildAgentTable
FNDA:162,(anonymous_3)
FNDA:10,(anonymous_4)
FNDA:162,(anonymous_5)
FNDA:63,(anonymous_6)
FNDA:27,buildApiInfo
FNDA:19,registerSchemaRoutes
FNDA:27,(anonymous_9)
FNDA:5,(anonymous_10)
FNDA:10,(anonymous_11)
FNDA:5,(anonymous_12)
DA:15,207
DA:23,59
DA:31,14
DA:35,26
DA:40,7
DA:44,2
DA:46,1
DA:49,13
DA:52,2
DA:54,1
DA:60,4
DA:66,3
DA:70,1
DA:77,4
DA:81,1
DA:86,2
DA:90,67
DA:96,8
DA:99,171
DA:100,171
DA:102,171
DA:109,171
DA:110,171
DA:111,171
DA:112,171
DA:113,171
DA:115,171
DA:119,45
DA:120,45
DA:121,45
DA:123,45
DA:129,162
DA:131,10
DA:134,10
DA:141,162
DA:142,63
DA:147,27
DA:189,19
DA:190,19
DA:191,27
DA:195,19
DA:196,19
DA:198,27
DA:199,27
DA:202,19
DA:205,10
DA:206,5
DA:210,19
DA:213,5
DA:214,5
DA:215,5
DA:216,2
DA:218,3
LF:53
LH:53
BRDA:15,0,0,1
BRDA:15,0,1,55
BRDA:15,0,2,56
BRDA:15,0,3,57
BRDA:15,0,4,58
BRDA:15,0,5,59
BRDA:15,0,6,1
BRDA:15,0,7,2
BRDA:15,0,8,12
BRDA:15,0,9,13
BRDA:15,0,10,14
BRDA:15,0,11,26
BRDA:15,0,12,1
BRDA:15,0,13,7
BRDA:15,0,14,2
BRDA:15,0,15,1
BRDA:15,0,16,1
BRDA:15,0,17,13
BRDA:15,0,18,1
BRDA:15,0,19,2
BRDA:15,0,20,1
BRDA:15,0,21,1
BRDA:15,0,22,3
BRDA:15,0,23,4
BRDA:15,0,24,1
BRDA:15,0,25,2
BRDA:15,0,26,3
BRDA:15,0,27,1
BRDA:15,0,28,1
BRDA:15,0,29,2
BRDA:15,0,30,3
BRDA:15,0,31,4
BRDA:15,0,32,1
BRDA:15,0,33,1
BRDA:15,0,34,2
BRDA:15,0,35,67
BRDA:109,1,0,12
BRDA:109,1,1,159
BRDA:110,2,0,1
BRDA:110,2,1,170
BRDA:111,3,0,49
BRDA:111,3,1,122
BRDA:112,4,0,89
BRDA:112,4,1,82
BRDA:112,5,0,171
BRDA:112,5,1,140
BRDA:113,6,0,60
BRDA:113,6,1,111
BRDA:121,7,0,40
BRDA:121,7,1,5
BRDA:131,8,0,9
BRDA:131,8,1,1
BRDA:151,9,0,5
BRDA:151,9,1,22
BRDA:215,10,0,2
BRDA:215,10,1,3
BRDA:215,11,0,5
BRDA:215,11,1,4
BRF:58
BRH:58
end_of_record
